/!\ FAILSAFE /!\  Wed Jan 13 12:32:44 +0700 2010
  Status: 500 Internal Server Error
  Unknown database 'map_development'
    /var/lib/gems/1.8/gems/activerecord-2.3.4/lib/active_record/connection_adapters/mysql_adapter.rb:585:in `real_connect'
    /var/lib/gems/1.8/gems/activerecord-2.3.4/lib/active_record/connection_adapters/mysql_adapter.rb:585:in `connect'
    /var/lib/gems/1.8/gems/activerecord-2.3.4/lib/active_record/connection_adapters/mysql_adapter.rb:199:in `initialize'
    /var/lib/gems/1.8/gems/activerecord-2.3.4/lib/active_record/connection_adapters/mysql_adapter.rb:71:in `new'
    /var/lib/gems/1.8/gems/activerecord-2.3.4/lib/active_record/connection_adapters/mysql_adapter.rb:71:in `mysql_connection'
    /var/lib/gems/1.8/gems/activerecord-2.3.4/lib/active_record/connection_adapters/abstract/connection_pool.rb:223:in `send'
    /var/lib/gems/1.8/gems/activerecord-2.3.4/lib/active_record/connection_adapters/abstract/connection_pool.rb:223:in `new_connection'
    /var/lib/gems/1.8/gems/activerecord-2.3.4/lib/active_record/connection_adapters/abstract/connection_pool.rb:245:in `checkout_new_connection'
    /var/lib/gems/1.8/gems/activerecord-2.3.4/lib/active_record/connection_adapters/abstract/connection_pool.rb:188:in `checkout'
    /var/lib/gems/1.8/gems/activerecord-2.3.4/lib/active_record/connection_adapters/abstract/connection_pool.rb:184:in `loop'
    /var/lib/gems/1.8/gems/activerecord-2.3.4/lib/active_record/connection_adapters/abstract/connection_pool.rb:184:in `checkout'
    /usr/lib/ruby/1.8/monitor.rb:242:in `synchronize'
    /var/lib/gems/1.8/gems/activerecord-2.3.4/lib/active_record/connection_adapters/abstract/connection_pool.rb:183:in `checkout'
    /var/lib/gems/1.8/gems/activerecord-2.3.4/lib/active_record/connection_adapters/abstract/connection_pool.rb:98:in `connection'
    /var/lib/gems/1.8/gems/activerecord-2.3.4/lib/active_record/connection_adapters/abstract/connection_pool.rb:326:in `retrieve_connection'
    /var/lib/gems/1.8/gems/activerecord-2.3.4/lib/active_record/connection_adapters/abstract/connection_specification.rb:123:in `retrieve_connection'
    /var/lib/gems/1.8/gems/activerecord-2.3.4/lib/active_record/connection_adapters/abstract/connection_specification.rb:115:in `connection'
    /var/lib/gems/1.8/gems/activerecord-2.3.4/lib/active_record/query_cache.rb:9:in `cache'
    /var/lib/gems/1.8/gems/activerecord-2.3.4/lib/active_record/query_cache.rb:28:in `call'
    /var/lib/gems/1.8/gems/activerecord-2.3.4/lib/active_record/connection_adapters/abstract/connection_pool.rb:361:in `call'
    /usr/lib/ruby/1.8/rack/head.rb:9:in `call'
    /usr/lib/ruby/1.8/rack/methodoverride.rb:24:in `call'
    /var/lib/gems/1.8/gems/actionpack-2.3.4/lib/action_controller/params_parser.rb:15:in `call'
    /var/lib/gems/1.8/gems/actionpack-2.3.4/lib/action_controller/session/cookie_store.rb:93:in `call'
    /var/lib/gems/1.8/gems/actionpack-2.3.4/lib/action_controller/failsafe.rb:26:in `call'
    /usr/lib/ruby/1.8/rack/lock.rb:11:in `call'
    /usr/lib/ruby/1.8/rack/lock.rb:11:in `synchronize'
    /usr/lib/ruby/1.8/rack/lock.rb:11:in `call'
    /var/lib/gems/1.8/gems/actionpack-2.3.4/lib/action_controller/dispatcher.rb:114:in `call'
    /var/lib/gems/1.8/gems/actionpack-2.3.4/lib/action_controller/reloader.rb:34:in `run'
    /var/lib/gems/1.8/gems/actionpack-2.3.4/lib/action_controller/dispatcher.rb:108:in `call'
    /var/lib/gems/1.8/gems/actionpack-2.3.4/lib/action_controller/cgi_process.rb:44:in `dispatch_cgi'
    /var/lib/gems/1.8/gems/actionpack-2.3.4/lib/action_controller/dispatcher.rb:101:in `dispatch_cgi'
    /var/lib/gems/1.8/gems/actionpack-2.3.4/lib/action_controller/dispatcher.rb:27:in `dispatch'
    /usr/lib/ruby/1.8/rack/adapter/rails.rb:81:in `call'
    /usr/lib/ruby/1.8/rack/adapter/rails.rb:69:in `call'
    /usr/lib/ruby/1.8/thin/connection.rb:76:in `pre_process'
    /usr/lib/ruby/1.8/thin/connection.rb:74:in `catch'
    /usr/lib/ruby/1.8/thin/connection.rb:74:in `pre_process'
    /usr/lib/ruby/1.8/thin/connection.rb:57:in `process'
    /usr/lib/ruby/1.8/thin/connection.rb:42:in `receive_data'
    /usr/lib/ruby/1.8/eventmachine.rb:240:in `run_machine'
    /usr/lib/ruby/1.8/eventmachine.rb:240:in `run'
    /usr/lib/ruby/1.8/thin/backends/base.rb:57:in `start'
    /usr/lib/ruby/1.8/thin/server.rb:156:in `start'
    /usr/lib/ruby/1.8/thin/controllers/controller.rb:80:in `start'
    /usr/lib/ruby/1.8/thin/runner.rb:174:in `send'
    /usr/lib/ruby/1.8/thin/runner.rb:174:in `run_command'
    /usr/lib/ruby/1.8/thin/runner.rb:140:in `run!'
    /usr/bin/thin:10
/!\ FAILSAFE /!\  Wed Jan 13 12:33:10 +0700 2010
  Status: 500 Internal Server Error
  Unknown database 'map_development'
    /var/lib/gems/1.8/gems/activerecord-2.3.4/lib/active_record/connection_adapters/mysql_adapter.rb:585:in `real_connect'
    /var/lib/gems/1.8/gems/activerecord-2.3.4/lib/active_record/connection_adapters/mysql_adapter.rb:585:in `connect'
    /var/lib/gems/1.8/gems/activerecord-2.3.4/lib/active_record/connection_adapters/mysql_adapter.rb:199:in `initialize'
    /var/lib/gems/1.8/gems/activerecord-2.3.4/lib/active_record/connection_adapters/mysql_adapter.rb:71:in `new'
    /var/lib/gems/1.8/gems/activerecord-2.3.4/lib/active_record/connection_adapters/mysql_adapter.rb:71:in `mysql_connection'
    /var/lib/gems/1.8/gems/activerecord-2.3.4/lib/active_record/connection_adapters/abstract/connection_pool.rb:223:in `send'
    /var/lib/gems/1.8/gems/activerecord-2.3.4/lib/active_record/connection_adapters/abstract/connection_pool.rb:223:in `new_connection'
    /var/lib/gems/1.8/gems/activerecord-2.3.4/lib/active_record/connection_adapters/abstract/connection_pool.rb:245:in `checkout_new_connection'
    /var/lib/gems/1.8/gems/activerecord-2.3.4/lib/active_record/connection_adapters/abstract/connection_pool.rb:188:in `checkout'
    /var/lib/gems/1.8/gems/activerecord-2.3.4/lib/active_record/connection_adapters/abstract/connection_pool.rb:184:in `loop'
    /var/lib/gems/1.8/gems/activerecord-2.3.4/lib/active_record/connection_adapters/abstract/connection_pool.rb:184:in `checkout'
    /usr/lib/ruby/1.8/monitor.rb:242:in `synchronize'
    /var/lib/gems/1.8/gems/activerecord-2.3.4/lib/active_record/connection_adapters/abstract/connection_pool.rb:183:in `checkout'
    /var/lib/gems/1.8/gems/activerecord-2.3.4/lib/active_record/connection_adapters/abstract/connection_pool.rb:98:in `connection'
    /var/lib/gems/1.8/gems/activerecord-2.3.4/lib/active_record/connection_adapters/abstract/connection_pool.rb:326:in `retrieve_connection'
    /var/lib/gems/1.8/gems/activerecord-2.3.4/lib/active_record/connection_adapters/abstract/connection_specification.rb:123:in `retrieve_connection'
    /var/lib/gems/1.8/gems/activerecord-2.3.4/lib/active_record/connection_adapters/abstract/connection_specification.rb:115:in `connection'
    /var/lib/gems/1.8/gems/activerecord-2.3.4/lib/active_record/query_cache.rb:9:in `cache'
    /var/lib/gems/1.8/gems/activerecord-2.3.4/lib/active_record/query_cache.rb:28:in `call'
    /var/lib/gems/1.8/gems/activerecord-2.3.4/lib/active_record/connection_adapters/abstract/connection_pool.rb:361:in `call'
    /usr/lib/ruby/1.8/rack/head.rb:9:in `call'
    /usr/lib/ruby/1.8/rack/methodoverride.rb:24:in `call'
    /var/lib/gems/1.8/gems/actionpack-2.3.4/lib/action_controller/params_parser.rb:15:in `call'
    /var/lib/gems/1.8/gems/actionpack-2.3.4/lib/action_controller/session/cookie_store.rb:93:in `call'
    /var/lib/gems/1.8/gems/actionpack-2.3.4/lib/action_controller/failsafe.rb:26:in `call'
    /usr/lib/ruby/1.8/rack/lock.rb:11:in `call'
    /usr/lib/ruby/1.8/rack/lock.rb:11:in `synchronize'
    /usr/lib/ruby/1.8/rack/lock.rb:11:in `call'
    /var/lib/gems/1.8/gems/actionpack-2.3.4/lib/action_controller/dispatcher.rb:114:in `call'
    /var/lib/gems/1.8/gems/actionpack-2.3.4/lib/action_controller/reloader.rb:34:in `run'
    /var/lib/gems/1.8/gems/actionpack-2.3.4/lib/action_controller/dispatcher.rb:108:in `call'
    /var/lib/gems/1.8/gems/actionpack-2.3.4/lib/action_controller/cgi_process.rb:44:in `dispatch_cgi'
    /var/lib/gems/1.8/gems/actionpack-2.3.4/lib/action_controller/dispatcher.rb:101:in `dispatch_cgi'
    /var/lib/gems/1.8/gems/actionpack-2.3.4/lib/action_controller/dispatcher.rb:27:in `dispatch'
    /usr/lib/ruby/1.8/rack/adapter/rails.rb:81:in `call'
    /usr/lib/ruby/1.8/rack/adapter/rails.rb:69:in `call'
    /usr/lib/ruby/1.8/thin/connection.rb:76:in `pre_process'
    /usr/lib/ruby/1.8/thin/connection.rb:74:in `catch'
    /usr/lib/ruby/1.8/thin/connection.rb:74:in `pre_process'
    /usr/lib/ruby/1.8/thin/connection.rb:57:in `process'
    /usr/lib/ruby/1.8/thin/connection.rb:42:in `receive_data'
    /usr/lib/ruby/1.8/eventmachine.rb:240:in `run_machine'
    /usr/lib/ruby/1.8/eventmachine.rb:240:in `run'
    /usr/lib/ruby/1.8/thin/backends/base.rb:57:in `start'
    /usr/lib/ruby/1.8/thin/server.rb:156:in `start'
    /usr/lib/ruby/1.8/thin/controllers/controller.rb:80:in `start'
    /usr/lib/ruby/1.8/thin/runner.rb:174:in `send'
    /usr/lib/ruby/1.8/thin/runner.rb:174:in `run_command'
    /usr/lib/ruby/1.8/thin/runner.rb:140:in `run!'
    /usr/bin/thin:10
  [4;36;1mSQL (0.2ms)[0m   [0;1mSET NAMES 'utf8'[0m
  [4;35;1mSQL (0.1ms)[0m   [0mSET SQL_AUTO_IS_NULL=0[0m


Processing EquipmentController#index (for 127.0.0.1 at 2010-01-13 12:33:32) [GET]
Rendering template within layouts/application
Rendering equipment/index

ActionView::TemplateError (undefined method `title' for #<ActionView::Base:0xb72243b0>) on line #1 of app/views/layouts/application.html.erb:
1: <% title "media_wrap_engine" %>
2: 
3: <% content_for :head do %>
4: 

    app/views/layouts/application.html.erb:1
    /usr/lib/ruby/1.8/rack/head.rb:9:in `call'
    /usr/lib/ruby/1.8/rack/methodoverride.rb:24:in `call'
    /usr/lib/ruby/1.8/rack/lock.rb:11:in `call'
    /usr/lib/ruby/1.8/rack/lock.rb:11:in `synchronize'
    /usr/lib/ruby/1.8/rack/lock.rb:11:in `call'
    /usr/lib/ruby/1.8/rack/adapter/rails.rb:81:in `call'
    /usr/lib/ruby/1.8/rack/adapter/rails.rb:69:in `call'
    /usr/lib/ruby/1.8/thin/connection.rb:76:in `pre_process'
    /usr/lib/ruby/1.8/thin/connection.rb:74:in `catch'
    /usr/lib/ruby/1.8/thin/connection.rb:74:in `pre_process'
    /usr/lib/ruby/1.8/thin/connection.rb:57:in `process'
    /usr/lib/ruby/1.8/thin/connection.rb:42:in `receive_data'
    /usr/lib/ruby/1.8/eventmachine.rb:240:in `run_machine'
    /usr/lib/ruby/1.8/eventmachine.rb:240:in `run'
    /usr/lib/ruby/1.8/thin/backends/base.rb:57:in `start'
    /usr/lib/ruby/1.8/thin/server.rb:156:in `start'
    /usr/lib/ruby/1.8/thin/controllers/controller.rb:80:in `start'
    /usr/lib/ruby/1.8/thin/runner.rb:174:in `send'
    /usr/lib/ruby/1.8/thin/runner.rb:174:in `run_command'
    /usr/lib/ruby/1.8/thin/runner.rb:140:in `run!'
    /usr/bin/thin:10

Rendered rescues/_trace (80.0ms)
Rendered rescues/_request_and_response (2.5ms)
Rendering rescues/layout (internal_server_error)
  [4;36;1mSQL (0.1ms)[0m   [0;1mSET NAMES 'utf8'[0m
  [4;35;1mSQL (0.1ms)[0m   [0mSET SQL_AUTO_IS_NULL=0[0m


Processing EquipmentController#index (for 127.0.0.1 at 2010-01-13 12:44:08) [GET]
Rendering template within layouts/application
Rendering equipment/index
Completed in 100ms (View: 96, DB: 0) | 200 OK [http://localhost/equipment]
  [4;36;1mSQL (0.1ms)[0m   [0;1mSET NAMES 'utf8'[0m
  [4;35;1mSQL (0.1ms)[0m   [0mSET SQL_AUTO_IS_NULL=0[0m


Processing EquipmentController#index (for 127.0.0.1 at 2010-01-13 12:44:16) [GET]
Rendering template within layouts/application
Rendering equipment/index
Completed in 19ms (View: 16, DB: 0) | 200 OK [http://localhost/equipment]
  [4;36;1mSQL (0.1ms)[0m   [0;1mSET NAMES 'utf8'[0m
  [4;35;1mSQL (0.1ms)[0m   [0mSET SQL_AUTO_IS_NULL=0[0m


Processing EquipmentController#index (for 127.0.0.1 at 2010-01-13 13:38:49) [GET]
Rendering template within layouts/application
Rendering equipment/index
Completed in 23ms (View: 20, DB: 0) | 200 OK [http://localhost/equipment]
  [4;36;1mSQL (0.1ms)[0m   [0;1mSET NAMES 'utf8'[0m
  [4;35;1mSQL (0.1ms)[0m   [0mSET SQL_AUTO_IS_NULL=0[0m


Processing EquipmentController#index (for 127.0.0.1 at 2010-01-13 13:39:46) [GET]
Rendering template within layouts/application
Rendering equipment/index
Completed in 12ms (View: 9, DB: 0) | 200 OK [http://localhost/equipment]
  [4;36;1mSQL (0.1ms)[0m   [0;1mSET NAMES 'utf8'[0m
  [4;35;1mSQL (0.1ms)[0m   [0mSET SQL_AUTO_IS_NULL=0[0m


Processing EquipmentController#index (for 127.0.0.1 at 2010-01-13 13:40:04) [GET]
Rendering template within layouts/application
Rendering equipment/index
Completed in 31ms (View: 28, DB: 0) | 200 OK [http://localhost/equipment]
  [4;36;1mSQL (0.1ms)[0m   [0;1mSET NAMES 'utf8'[0m
  [4;35;1mSQL (0.1ms)[0m   [0mSET SQL_AUTO_IS_NULL=0[0m


Processing EquipmentController#index (for 127.0.0.1 at 2010-01-13 13:40:29) [GET]
Rendering template within layouts/application
Rendering equipment/index
Completed in 31ms (View: 28, DB: 0) | 200 OK [http://localhost/equipment]
  [4;36;1mSQL (0.1ms)[0m   [0;1mSET NAMES 'utf8'[0m
  [4;35;1mSQL (0.1ms)[0m   [0mSET SQL_AUTO_IS_NULL=0[0m


Processing EquipmentController#index (for 127.0.0.1 at 2010-01-13 13:41:12) [GET]
Rendering template within layouts/application
Rendering equipment/index
Completed in 14ms (View: 11, DB: 0) | 200 OK [http://localhost/equipment]
  [4;36;1mSQL (0.1ms)[0m   [0;1mSET NAMES 'utf8'[0m
  [4;35;1mSQL (0.1ms)[0m   [0mSET SQL_AUTO_IS_NULL=0[0m


Processing EquipmentController#index (for 127.0.0.1 at 2010-01-13 13:43:16) [GET]
Rendering template within layouts/application
Rendering equipment/index
Completed in 7ms (View: 4, DB: 0) | 200 OK [http://localhost/equipment]
  [4;36;1mSQL (0.1ms)[0m   [0;1mSET NAMES 'utf8'[0m
  [4;35;1mSQL (0.1ms)[0m   [0mSET SQL_AUTO_IS_NULL=0[0m


Processing EquipmentController#index (for 127.0.0.1 at 2010-01-13 13:44:33) [GET]
Rendering template within layouts/application
Rendering equipment/index
Completed in 13ms (View: 4, DB: 0) | 200 OK [http://localhost/equipment]
  [4;36;1mSQL (0.1ms)[0m   [0;1mSET NAMES 'utf8'[0m
  [4;35;1mSQL (0.1ms)[0m   [0mSET SQL_AUTO_IS_NULL=0[0m


Processing EquipmentController#index (for 127.0.0.1 at 2010-01-13 13:46:55) [GET]
Rendering template within layouts/application
Rendering equipment/index
Completed in 114ms (View: 111, DB: 0) | 200 OK [http://localhost/equipment]
  [4;36;1mSQL (0.1ms)[0m   [0;1mSET NAMES 'utf8'[0m
  [4;35;1mSQL (0.1ms)[0m   [0mSET SQL_AUTO_IS_NULL=0[0m


Processing ApplicationController#index (for 127.0.0.1 at 2010-01-13 13:46:56) [GET]

ActionController::RoutingError (No route matches "/images/slate/shared/glass-bg.gif" with {:method=>:get}):
  /usr/lib/ruby/1.8/rack/head.rb:9:in `call'
  /usr/lib/ruby/1.8/rack/methodoverride.rb:24:in `call'
  /usr/lib/ruby/1.8/rack/lock.rb:11:in `call'
  /usr/lib/ruby/1.8/rack/lock.rb:11:in `synchronize'
  /usr/lib/ruby/1.8/rack/lock.rb:11:in `call'
  /usr/lib/ruby/1.8/rack/adapter/rails.rb:81:in `call'
  /usr/lib/ruby/1.8/rack/adapter/rails.rb:69:in `call'
  /usr/lib/ruby/1.8/thin/connection.rb:76:in `pre_process'
  /usr/lib/ruby/1.8/thin/connection.rb:74:in `catch'
  /usr/lib/ruby/1.8/thin/connection.rb:74:in `pre_process'
  /usr/lib/ruby/1.8/thin/connection.rb:57:in `process'
  /usr/lib/ruby/1.8/thin/connection.rb:42:in `receive_data'
  /usr/lib/ruby/1.8/eventmachine.rb:240:in `run_machine'
  /usr/lib/ruby/1.8/eventmachine.rb:240:in `run'
  /usr/lib/ruby/1.8/thin/backends/base.rb:57:in `start'
  /usr/lib/ruby/1.8/thin/server.rb:156:in `start'
  /usr/lib/ruby/1.8/thin/controllers/controller.rb:80:in `start'
  /usr/lib/ruby/1.8/thin/runner.rb:174:in `send'
  /usr/lib/ruby/1.8/thin/runner.rb:174:in `run_command'
  /usr/lib/ruby/1.8/thin/runner.rb:140:in `run!'
  /usr/bin/thin:10

Rendering rescues/layout (not_found)
/!\ FAILSAFE /!\  Thu Jan 14 09:04:54 +0700 2010
  Status: 500 Internal Server Error
  Can't connect to local MySQL server through socket '/var/run/mysqld/mysqld.sock' (2)
    /Users/apirakpanatkool/.gem/ruby/1.8/gems/activerecord-2.3.4/lib/active_record/connection_adapters/mysql_adapter.rb:585:in `real_connect'
    /Users/apirakpanatkool/.gem/ruby/1.8/gems/activerecord-2.3.4/lib/active_record/connection_adapters/mysql_adapter.rb:585:in `connect'
    /Users/apirakpanatkool/.gem/ruby/1.8/gems/activerecord-2.3.4/lib/active_record/connection_adapters/mysql_adapter.rb:199:in `initialize'
    /Users/apirakpanatkool/.gem/ruby/1.8/gems/activerecord-2.3.4/lib/active_record/connection_adapters/mysql_adapter.rb:71:in `new'
    /Users/apirakpanatkool/.gem/ruby/1.8/gems/activerecord-2.3.4/lib/active_record/connection_adapters/mysql_adapter.rb:71:in `mysql_connection'
    /Users/apirakpanatkool/.gem/ruby/1.8/gems/activerecord-2.3.4/lib/active_record/connection_adapters/abstract/connection_pool.rb:223:in `send'
    /Users/apirakpanatkool/.gem/ruby/1.8/gems/activerecord-2.3.4/lib/active_record/connection_adapters/abstract/connection_pool.rb:223:in `new_connection'
    /Users/apirakpanatkool/.gem/ruby/1.8/gems/activerecord-2.3.4/lib/active_record/connection_adapters/abstract/connection_pool.rb:245:in `checkout_new_connection'
    /Users/apirakpanatkool/.gem/ruby/1.8/gems/activerecord-2.3.4/lib/active_record/connection_adapters/abstract/connection_pool.rb:188:in `checkout'
    /Users/apirakpanatkool/.gem/ruby/1.8/gems/activerecord-2.3.4/lib/active_record/connection_adapters/abstract/connection_pool.rb:184:in `loop'
    /Users/apirakpanatkool/.gem/ruby/1.8/gems/activerecord-2.3.4/lib/active_record/connection_adapters/abstract/connection_pool.rb:184:in `checkout'
    /System/Library/Frameworks/Ruby.framework/Versions/1.8/usr/lib/ruby/1.8/monitor.rb:242:in `synchronize'
    /Users/apirakpanatkool/.gem/ruby/1.8/gems/activerecord-2.3.4/lib/active_record/connection_adapters/abstract/connection_pool.rb:183:in `checkout'
    /Users/apirakpanatkool/.gem/ruby/1.8/gems/activerecord-2.3.4/lib/active_record/connection_adapters/abstract/connection_pool.rb:98:in `connection'
    /Users/apirakpanatkool/.gem/ruby/1.8/gems/activerecord-2.3.4/lib/active_record/connection_adapters/abstract/connection_pool.rb:326:in `retrieve_connection'
    /Users/apirakpanatkool/.gem/ruby/1.8/gems/activerecord-2.3.4/lib/active_record/connection_adapters/abstract/connection_specification.rb:123:in `retrieve_connection'
    /Users/apirakpanatkool/.gem/ruby/1.8/gems/activerecord-2.3.4/lib/active_record/connection_adapters/abstract/connection_specification.rb:115:in `connection'
    /Users/apirakpanatkool/.gem/ruby/1.8/gems/activerecord-2.3.4/lib/active_record/query_cache.rb:9:in `cache'
    /Users/apirakpanatkool/.gem/ruby/1.8/gems/activerecord-2.3.4/lib/active_record/query_cache.rb:28:in `call'
    /Users/apirakpanatkool/.gem/ruby/1.8/gems/activerecord-2.3.4/lib/active_record/connection_adapters/abstract/connection_pool.rb:361:in `call'
    /Users/apirakpanatkool/.gem/ruby/1.8/gems/rack-1.0.0/lib/rack/head.rb:9:in `call'
    /Users/apirakpanatkool/.gem/ruby/1.8/gems/rack-1.0.0/lib/rack/methodoverride.rb:24:in `call'
    /Users/apirakpanatkool/.gem/ruby/1.8/gems/actionpack-2.3.4/lib/action_controller/params_parser.rb:15:in `call'
    /Users/apirakpanatkool/.gem/ruby/1.8/gems/actionpack-2.3.4/lib/action_controller/session/cookie_store.rb:93:in `call'
    /Users/apirakpanatkool/.gem/ruby/1.8/gems/actionpack-2.3.4/lib/action_controller/failsafe.rb:26:in `call'
    /Users/apirakpanatkool/.gem/ruby/1.8/gems/rack-1.0.0/lib/rack/lock.rb:11:in `call'
    /Users/apirakpanatkool/.gem/ruby/1.8/gems/rack-1.0.0/lib/rack/lock.rb:11:in `synchronize'
    /Users/apirakpanatkool/.gem/ruby/1.8/gems/rack-1.0.0/lib/rack/lock.rb:11:in `call'
    /Users/apirakpanatkool/.gem/ruby/1.8/gems/actionpack-2.3.4/lib/action_controller/dispatcher.rb:114:in `call'
    /Users/apirakpanatkool/.gem/ruby/1.8/gems/actionpack-2.3.4/lib/action_controller/reloader.rb:34:in `run'
    /Users/apirakpanatkool/.gem/ruby/1.8/gems/actionpack-2.3.4/lib/action_controller/dispatcher.rb:108:in `call'
    /Users/apirakpanatkool/.gem/ruby/1.8/gems/rails-2.3.4/lib/rails/rack/static.rb:31:in `call'
    /Users/apirakpanatkool/.gem/ruby/1.8/gems/rack-1.0.0/lib/rack/urlmap.rb:46:in `call'
    /Users/apirakpanatkool/.gem/ruby/1.8/gems/rack-1.0.0/lib/rack/urlmap.rb:40:in `each'
    /Users/apirakpanatkool/.gem/ruby/1.8/gems/rack-1.0.0/lib/rack/urlmap.rb:40:in `call'
    /Users/apirakpanatkool/.gem/ruby/1.8/gems/rails-2.3.4/lib/rails/rack/log_tailer.rb:17:in `call'
    /Users/apirakpanatkool/.gem/ruby/1.8/gems/rack-1.0.0/lib/rack/content_length.rb:13:in `call'
    /Users/apirakpanatkool/.gem/ruby/1.8/gems/rack-1.0.0/lib/rack/chunked.rb:15:in `call'
    /Users/apirakpanatkool/.gem/ruby/1.8/gems/rack-1.0.0/lib/rack/handler/mongrel.rb:61:in `process'
    /Users/apirakpanatkool/.gem/ruby/1.8/gems/mongrel-1.1.5/lib/mongrel.rb:159:in `process_client'
    /Users/apirakpanatkool/.gem/ruby/1.8/gems/mongrel-1.1.5/lib/mongrel.rb:158:in `each'
    /Users/apirakpanatkool/.gem/ruby/1.8/gems/mongrel-1.1.5/lib/mongrel.rb:158:in `process_client'
    /Users/apirakpanatkool/.gem/ruby/1.8/gems/mongrel-1.1.5/lib/mongrel.rb:285:in `run'
    /Users/apirakpanatkool/.gem/ruby/1.8/gems/mongrel-1.1.5/lib/mongrel.rb:285:in `initialize'
    /Users/apirakpanatkool/.gem/ruby/1.8/gems/mongrel-1.1.5/lib/mongrel.rb:285:in `new'
    /Users/apirakpanatkool/.gem/ruby/1.8/gems/mongrel-1.1.5/lib/mongrel.rb:285:in `run'
    /Users/apirakpanatkool/.gem/ruby/1.8/gems/mongrel-1.1.5/lib/mongrel.rb:268:in `initialize'
    /Users/apirakpanatkool/.gem/ruby/1.8/gems/mongrel-1.1.5/lib/mongrel.rb:268:in `new'
    /Users/apirakpanatkool/.gem/ruby/1.8/gems/mongrel-1.1.5/lib/mongrel.rb:268:in `run'
    /Users/apirakpanatkool/.gem/ruby/1.8/gems/rack-1.0.0/lib/rack/handler/mongrel.rb:34:in `run'
    /Users/apirakpanatkool/.gem/ruby/1.8/gems/rails-2.3.4/lib/commands/server.rb:111
    /Library/Ruby/Site/1.8/rubygems/custom_require.rb:31:in `gem_original_require'
    /Library/Ruby/Site/1.8/rubygems/custom_require.rb:31:in `require'
    ./script/server:3
  [4;36;1mSQL (0.2ms)[0m   [0;1mSET NAMES 'utf8'[0m
  [4;35;1mSQL (0.1ms)[0m   [0mSET SQL_AUTO_IS_NULL=0[0m


Processing EquipmentController#index (for 127.0.0.1 at 2010-01-14 09:05:56) [GET]
Rendering template within layouts/application
Rendering equipment/index
Completed in 110ms (View: 108, DB: 0) | 200 OK [http://localhost/equipment]
  [4;36;1mSQL (0.2ms)[0m   [0;1mSET NAMES 'utf8'[0m
  [4;35;1mSQL (0.2ms)[0m   [0mSET SQL_AUTO_IS_NULL=0[0m


Processing ApplicationController#index (for 127.0.0.1 at 2010-01-14 09:05:57) [GET]

ActionController::RoutingError (No route matches "/images/default/grid/loading.gif" with {:method=>:get}):
  

Rendering rescues/layout (not_found)
  [4;36;1mSQL (0.1ms)[0m   [0;1mSET NAMES 'utf8'[0m
  [4;35;1mSQL (0.1ms)[0m   [0mSET SQL_AUTO_IS_NULL=0[0m


Processing ApplicationController#index (for 127.0.0.1 at 2010-01-14 09:05:57) [GET]

ActionController::RoutingError (No route matches "/images/slate/shared/glass-bg.gif" with {:method=>:get}):
  

Rendering rescues/layout (not_found)
  [4;36;1mSQL (0.2ms)[0m   [0;1mSET NAMES 'utf8'[0m
  [4;35;1mSQL (0.1ms)[0m   [0mSET SQL_AUTO_IS_NULL=0[0m


Processing EquipmentController#index (for 127.0.0.1 at 2010-01-14 09:09:44) [GET]
Rendering template within layouts/application
Rendering equipment/index
Completed in 6ms (View: 4, DB: 0) | 200 OK [http://localhost/equipment]
  [4;36;1mSQL (0.1ms)[0m   [0;1mSET NAMES 'utf8'[0m
  [4;35;1mSQL (0.2ms)[0m   [0mSET SQL_AUTO_IS_NULL=0[0m


Processing ApplicationController#index (for 127.0.0.1 at 2010-01-14 09:09:45) [GET]

ActionController::RoutingError (No route matches "/images/default/grid/loading.gif" with {:method=>:get}):
  

Rendering rescues/layout (not_found)
  [4;36;1mSQL (0.1ms)[0m   [0;1mSET NAMES 'utf8'[0m
  [4;35;1mSQL (0.1ms)[0m   [0mSET SQL_AUTO_IS_NULL=0[0m


Processing ApplicationController#index (for 127.0.0.1 at 2010-01-14 09:09:45) [GET]

ActionController::RoutingError (No route matches "/images/slate/shared/glass-bg.gif" with {:method=>:get}):
  

Rendering rescues/layout (not_found)
  [4;36;1mSQL (0.7ms)[0m   [0;1mSET NAMES 'utf8'[0m
  [4;35;1mSQL (0.1ms)[0m   [0mSET SQL_AUTO_IS_NULL=0[0m


Processing EquipmentController#index (for 127.0.0.1 at 2010-01-14 09:10:24) [GET]
Rendering template within layouts/application
Rendering equipment/index
Completed in 12ms (View: 9, DB: 1) | 200 OK [http://localhost/equipment]
  [4;36;1mSQL (0.7ms)[0m   [0;1mSET NAMES 'utf8'[0m
  [4;35;1mSQL (0.1ms)[0m   [0mSET SQL_AUTO_IS_NULL=0[0m


Processing ApplicationController#index (for 127.0.0.1 at 2010-01-14 09:10:24) [GET]

ActionController::RoutingError (No route matches "/images/default/grid/loading.gif" with {:method=>:get}):
  

Rendering rescues/layout (not_found)
  [4;36;1mSQL (0.1ms)[0m   [0;1mSET NAMES 'utf8'[0m
  [4;35;1mSQL (0.2ms)[0m   [0mSET SQL_AUTO_IS_NULL=0[0m


Processing ApplicationController#index (for 127.0.0.1 at 2010-01-14 09:10:24) [GET]

ActionController::RoutingError (No route matches "/images/slate/shared/glass-bg.gif" with {:method=>:get}):
  

Rendering rescues/layout (not_found)
  [4;36;1mSQL (0.2ms)[0m   [0;1mSET NAMES 'utf8'[0m
  [4;35;1mSQL (0.1ms)[0m   [0mSET SQL_AUTO_IS_NULL=0[0m


Processing EquipmentController#index (for 127.0.0.1 at 2010-01-14 09:11:34) [GET]
Rendering template within layouts/application
Rendering equipment/index
Completed in 11ms (View: 9, DB: 0) | 200 OK [http://localhost/equipment]
  [4;36;1mSQL (0.1ms)[0m   [0;1mSET NAMES 'utf8'[0m
  [4;35;1mSQL (0.1ms)[0m   [0mSET SQL_AUTO_IS_NULL=0[0m


Processing ApplicationController#index (for 127.0.0.1 at 2010-01-14 09:11:35) [GET]

ActionController::RoutingError (No route matches "/images/default/grid/loading.gif" with {:method=>:get}):
  

Rendering rescues/layout (not_found)
  [4;36;1mSQL (0.2ms)[0m   [0;1mSET NAMES 'utf8'[0m
  [4;35;1mSQL (0.1ms)[0m   [0mSET SQL_AUTO_IS_NULL=0[0m


Processing ApplicationController#index (for 127.0.0.1 at 2010-01-14 09:11:35) [GET]

ActionController::RoutingError (No route matches "/images/slate/shared/glass-bg.gif" with {:method=>:get}):
  

Rendering rescues/layout (not_found)
  [4;36;1mSQL (0.2ms)[0m   [0;1mSET NAMES 'utf8'[0m
  [4;35;1mSQL (0.1ms)[0m   [0mSET SQL_AUTO_IS_NULL=0[0m


Processing EquipmentController#index (for 127.0.0.1 at 2010-01-14 09:11:52) [GET]
Rendering template within layouts/application
Rendering equipment/index
Completed in 6ms (View: 4, DB: 0) | 200 OK [http://localhost/equipment]
  [4;36;1mSQL (4.8ms)[0m   [0;1mSET NAMES 'utf8'[0m
  [4;35;1mSQL (0.1ms)[0m   [0mSET SQL_AUTO_IS_NULL=0[0m


Processing ApplicationController#index (for 127.0.0.1 at 2010-01-14 09:11:53) [GET]

ActionController::RoutingError (No route matches "/images/default/grid/loading.gif" with {:method=>:get}):
  

Rendering rescues/layout (not_found)
  [4;36;1mSQL (0.3ms)[0m   [0;1mSET NAMES 'utf8'[0m
  [4;35;1mSQL (0.1ms)[0m   [0mSET SQL_AUTO_IS_NULL=0[0m


Processing ApplicationController#index (for 127.0.0.1 at 2010-01-14 09:11:53) [GET]

ActionController::RoutingError (No route matches "/images/slate/shared/glass-bg.gif" with {:method=>:get}):
  

Rendering rescues/layout (not_found)
  [4;36;1mSQL (0.2ms)[0m   [0;1mSET NAMES 'utf8'[0m
  [4;35;1mSQL (0.1ms)[0m   [0mSET SQL_AUTO_IS_NULL=0[0m


Processing EquipmentController#index (for 127.0.0.1 at 2010-01-14 09:14:10) [GET]
Rendering template within layouts/application
Rendering equipment/index
Completed in 13ms (View: 11, DB: 0) | 200 OK [http://localhost/equipment]
  [4;36;1mSQL (0.2ms)[0m   [0;1mSET NAMES 'utf8'[0m
  [4;35;1mSQL (0.1ms)[0m   [0mSET SQL_AUTO_IS_NULL=0[0m


Processing ApplicationController#index (for 127.0.0.1 at 2010-01-14 09:14:22) [GET]

ActionController::RoutingError (No route matches "/images/default/grid/loading.gif" with {:method=>:get}):
  

Rendering rescues/layout (not_found)
  [4;36;1mSQL (0.6ms)[0m   [0;1mSET NAMES 'utf8'[0m
  [4;35;1mSQL (0.1ms)[0m   [0mSET SQL_AUTO_IS_NULL=0[0m


Processing ApplicationController#index (for 127.0.0.1 at 2010-01-14 09:14:22) [GET]

ActionController::RoutingError (No route matches "/images/slate/shared/glass-bg.gif" with {:method=>:get}):
  

Rendering rescues/layout (not_found)
  [4;36;1mSQL (0.2ms)[0m   [0;1mSET NAMES 'utf8'[0m
  [4;35;1mSQL (0.1ms)[0m   [0mSET SQL_AUTO_IS_NULL=0[0m


Processing EquipmentController#index (for 127.0.0.1 at 2010-01-14 09:30:08) [GET]
Rendering template within layouts/application
Rendering equipment/index
Completed in 15ms (View: 13, DB: 0) | 200 OK [http://localhost/equipment]
  [4;36;1mSQL (0.2ms)[0m   [0;1mSET NAMES 'utf8'[0m
  [4;35;1mSQL (0.3ms)[0m   [0mSET SQL_AUTO_IS_NULL=0[0m


Processing ApplicationController#index (for 127.0.0.1 at 2010-01-14 09:30:09) [GET]

ActionController::RoutingError (No route matches "/images/default/grid/loading.gif" with {:method=>:get}):
  

Rendering rescues/layout (not_found)
  [4;36;1mSQL (0.7ms)[0m   [0;1mSET NAMES 'utf8'[0m
  [4;35;1mSQL (0.1ms)[0m   [0mSET SQL_AUTO_IS_NULL=0[0m


Processing ApplicationController#index (for 127.0.0.1 at 2010-01-14 09:30:09) [GET]

ActionController::RoutingError (No route matches "/images/slate/shared/glass-bg.gif" with {:method=>:get}):
  

Rendering rescues/layout (not_found)
  [4;36;1mSQL (0.2ms)[0m   [0;1mSET NAMES 'utf8'[0m
  [4;35;1mSQL (0.1ms)[0m   [0mSET SQL_AUTO_IS_NULL=0[0m


Processing EquipmentController#index (for 127.0.0.1 at 2010-01-14 09:30:25) [GET]
Rendering template within layouts/application
Rendering equipment/index
Completed in 13ms (View: 11, DB: 0) | 200 OK [http://localhost/equipment]
  [4;36;1mSQL (0.1ms)[0m   [0;1mSET NAMES 'utf8'[0m
  [4;35;1mSQL (7.9ms)[0m   [0mSET SQL_AUTO_IS_NULL=0[0m


Processing ApplicationController#index (for 127.0.0.1 at 2010-01-14 09:30:26) [GET]

ActionController::RoutingError (No route matches "/images/default/grid/loading.gif" with {:method=>:get}):
  

Rendering rescues/layout (not_found)
  [4;36;1mSQL (0.1ms)[0m   [0;1mSET NAMES 'utf8'[0m
  [4;35;1mSQL (0.1ms)[0m   [0mSET SQL_AUTO_IS_NULL=0[0m


Processing ApplicationController#index (for 127.0.0.1 at 2010-01-14 09:30:26) [GET]

ActionController::RoutingError (No route matches "/images/slate/shared/glass-bg.gif" with {:method=>:get}):
  

Rendering rescues/layout (not_found)
  [4;36;1mSQL (0.3ms)[0m   [0;1mSET NAMES 'utf8'[0m
  [4;35;1mSQL (0.1ms)[0m   [0mSET SQL_AUTO_IS_NULL=0[0m


Processing EquipmentController#index (for 127.0.0.1 at 2010-01-14 09:30:41) [GET]
Rendering template within layouts/application
Rendering equipment/index
Completed in 10ms (View: 7, DB: 0) | 200 OK [http://localhost/equipment]
  [4;36;1mSQL (0.1ms)[0m   [0;1mSET NAMES 'utf8'[0m
  [4;35;1mSQL (0.1ms)[0m   [0mSET SQL_AUTO_IS_NULL=0[0m


Processing ApplicationController#index (for 127.0.0.1 at 2010-01-14 09:30:52) [GET]

ActionController::RoutingError (No route matches "/images/slate/shared/glass-bg.gif" with {:method=>:get}):
  

Rendering rescues/layout (not_found)
  [4;36;1mSQL (0.2ms)[0m   [0;1mSET NAMES 'utf8'[0m
  [4;35;1mSQL (0.1ms)[0m   [0mSET SQL_AUTO_IS_NULL=0[0m


Processing EquipmentController#index (for 127.0.0.1 at 2010-01-14 09:31:15) [GET]
Rendering template within layouts/application
Rendering equipment/index
Completed in 10ms (View: 8, DB: 0) | 200 OK [http://localhost/equipment]
  [4;36;1mSQL (0.1ms)[0m   [0;1mSET NAMES 'utf8'[0m
  [4;35;1mSQL (0.1ms)[0m   [0mSET SQL_AUTO_IS_NULL=0[0m


Processing ApplicationController#index (for 127.0.0.1 at 2010-01-14 09:31:18) [GET]

ActionController::RoutingError (No route matches "/images/slate/shared/glass-bg.gif" with {:method=>:get}):
  

Rendering rescues/layout (not_found)
  [4;36;1mSQL (0.2ms)[0m   [0;1mSET NAMES 'utf8'[0m
  [4;35;1mSQL (0.1ms)[0m   [0mSET SQL_AUTO_IS_NULL=0[0m


Processing EquipmentController#index (for 127.0.0.1 at 2010-01-14 09:37:59) [GET]
Rendering template within layouts/application
Rendering equipment/index
Completed in 11ms (View: 9, DB: 0) | 200 OK [http://localhost/equipment]
  [4;36;1mSQL (0.2ms)[0m   [0;1mSET NAMES 'utf8'[0m
  [4;35;1mSQL (0.2ms)[0m   [0mSET SQL_AUTO_IS_NULL=0[0m


Processing EquipmentController#index (for 127.0.0.1 at 2010-01-14 09:38:04) [GET]
Rendering template within layouts/application
Rendering equipment/index
Completed in 11ms (View: 9, DB: 0) | 200 OK [http://localhost/equipment]
  [4;36;1mSQL (0.1ms)[0m   [0;1mSET NAMES 'utf8'[0m
  [4;35;1mSQL (0.1ms)[0m   [0mSET SQL_AUTO_IS_NULL=0[0m


Processing ApplicationController#index (for 127.0.0.1 at 2010-01-14 09:38:20) [GET]

ActionController::RoutingError (No route matches "/images/slate/shared/glass-bg.gif" with {:method=>:get}):
  

Rendering rescues/layout (not_found)
  [4;36;1mSQL (0.1ms)[0m   [0;1mSET NAMES 'utf8'[0m
  [4;35;1mSQL (0.1ms)[0m   [0mSET SQL_AUTO_IS_NULL=0[0m


Processing EquipmentController#index (for 127.0.0.1 at 2010-01-14 09:43:49) [GET]
Rendering template within layouts/application
Rendering equipment/index

ActionView::TemplateError (undefined local variable or method `maps' for #<ActionView::Base:0x2661384>) on line #9 of app/views/equipment/index.html.erb:
6: 
7:   <!-- GMaps API Key that works for localhost --> 
8:   <%#= javascript_include_tag "http://maps.google.com/maps?file=api&amp;v=2.x&amp;key=ABQIAAAA2CKu_qQN-JHtlfQ5L7BLlRT2yXp_ZAY8_ufC3CFXhHIE1NvwkxQl3I3p2yrGARYK4f4bkjp9NHpm5w" %>
9:   <%= javascript_include_tag http://maps.google.com/maps/api/js %>
10:   <%#= javascript_include_tag "ext3/ux/GMapPanel" %>
11:   <%= javascript_include_tag "ext3/ux/Ext.ux.GMapPanel3" %>
12:   <%= javascript_include_tag "gmap" %>

    app/views/equipment/index.html.erb:9
    app/views/equipment/index.html.erb:3

Rendered rescues/_trace (53.6ms)
Rendered rescues/_request_and_response (25.0ms)
Rendering rescues/layout (internal_server_error)
  [4;36;1mSQL (0.1ms)[0m   [0;1mSET NAMES 'utf8'[0m
  [4;35;1mSQL (0.1ms)[0m   [0mSET SQL_AUTO_IS_NULL=0[0m


Processing EquipmentController#index (for 127.0.0.1 at 2010-01-14 09:44:11) [GET]
Rendering template within layouts/application
Rendering equipment/index
Completed in 13ms (View: 11, DB: 0) | 200 OK [http://localhost/equipment]
  [4;36;1mSQL (0.3ms)[0m   [0;1mSET NAMES 'utf8'[0m
  [4;35;1mSQL (0.3ms)[0m   [0mSET SQL_AUTO_IS_NULL=0[0m


Processing ApplicationController#index (for 127.0.0.1 at 2010-01-14 09:44:22) [GET]

ActionController::RoutingError (No route matches "/images/default/grid/loading.gif" with {:method=>:get}):
  

Rendering rescues/layout (not_found)
  [4;36;1mSQL (0.1ms)[0m   [0;1mSET NAMES 'utf8'[0m
  [4;35;1mSQL (0.3ms)[0m   [0mSET SQL_AUTO_IS_NULL=0[0m


Processing ApplicationController#index (for 127.0.0.1 at 2010-01-14 09:44:22) [GET]

ActionController::RoutingError (No route matches "/images/slate/shared/glass-bg.gif" with {:method=>:get}):
  

Rendering rescues/layout (not_found)
  [4;36;1mSQL (0.1ms)[0m   [0;1mSET NAMES 'utf8'[0m
  [4;35;1mSQL (0.1ms)[0m   [0mSET SQL_AUTO_IS_NULL=0[0m


Processing EquipmentController#index (for 127.0.0.1 at 2010-01-14 09:44:31) [GET]
Rendering template within layouts/application
Rendering equipment/index
Completed in 7ms (View: 5, DB: 0) | 200 OK [http://localhost/equipment]
  [4;36;1mSQL (0.2ms)[0m   [0;1mSET NAMES 'utf8'[0m
  [4;35;1mSQL (0.2ms)[0m   [0mSET SQL_AUTO_IS_NULL=0[0m


Processing ApplicationController#index (for 127.0.0.1 at 2010-01-14 09:44:32) [GET]

ActionController::RoutingError (No route matches "/images/slate/shared/glass-bg.gif" with {:method=>:get}):
  

Rendering rescues/layout (not_found)
  [4;36;1mSQL (0.1ms)[0m   [0;1mSET NAMES 'utf8'[0m
  [4;35;1mSQL (0.1ms)[0m   [0mSET SQL_AUTO_IS_NULL=0[0m


Processing EquipmentController#index (for 127.0.0.1 at 2010-01-14 09:46:37) [GET]
Rendering template within layouts/application
Rendering equipment/index
Completed in 17ms (View: 16, DB: 0) | 200 OK [http://localhost/equipment]
  [4;36;1mSQL (0.2ms)[0m   [0;1mSET NAMES 'utf8'[0m
  [4;35;1mSQL (0.1ms)[0m   [0mSET SQL_AUTO_IS_NULL=0[0m


Processing ApplicationController#index (for 127.0.0.1 at 2010-01-14 09:46:48) [GET]

ActionController::RoutingError (No route matches "/images/slate/shared/glass-bg.gif" with {:method=>:get}):
  

Rendering rescues/layout (not_found)
  [4;36;1mSQL (0.2ms)[0m   [0;1mSET NAMES 'utf8'[0m
  [4;35;1mSQL (0.1ms)[0m   [0mSET SQL_AUTO_IS_NULL=0[0m


Processing EquipmentController#index (for 127.0.0.1 at 2010-01-14 09:48:12) [GET]
Rendering template within layouts/application
Rendering equipment/index
Completed in 12ms (View: 10, DB: 0) | 200 OK [http://localhost/equipment]
  [4;36;1mSQL (0.1ms)[0m   [0;1mSET NAMES 'utf8'[0m
  [4;35;1mSQL (0.1ms)[0m   [0mSET SQL_AUTO_IS_NULL=0[0m


Processing EquipmentController#index (for 127.0.0.1 at 2010-01-14 09:48:17) [GET]
Rendering template within layouts/application
Rendering equipment/index
Completed in 8ms (View: 6, DB: 0) | 200 OK [http://localhost/equipment]
  [4;36;1mSQL (0.1ms)[0m   [0;1mSET NAMES 'utf8'[0m
  [4;35;1mSQL (0.1ms)[0m   [0mSET SQL_AUTO_IS_NULL=0[0m


Processing ApplicationController#index (for 127.0.0.1 at 2010-01-14 09:48:23) [GET]

ActionController::RoutingError (No route matches "/images/default/grid/loading.gif" with {:method=>:get}):
  

Rendering rescues/layout (not_found)
  [4;36;1mSQL (0.2ms)[0m   [0;1mSET NAMES 'utf8'[0m
  [4;35;1mSQL (0.1ms)[0m   [0mSET SQL_AUTO_IS_NULL=0[0m


Processing ApplicationController#index (for 127.0.0.1 at 2010-01-14 09:48:23) [GET]

ActionController::RoutingError (No route matches "/images/slate/shared/glass-bg.gif" with {:method=>:get}):
  

Rendering rescues/layout (not_found)
  [4;36;1mSQL (0.4ms)[0m   [0;1mSET NAMES 'utf8'[0m
  [4;35;1mSQL (0.1ms)[0m   [0mSET SQL_AUTO_IS_NULL=0[0m


Processing ApplicationController#index (for 127.0.0.1 at 2010-01-14 09:48:29) [GET]

ActionController::RoutingError (No route matches "/images/slate/shared/glass-bg.gif" with {:method=>:get}):
  

Rendering rescues/layout (not_found)
  [4;36;1mSQL (0.2ms)[0m   [0;1mSET NAMES 'utf8'[0m
  [4;35;1mSQL (0.1ms)[0m   [0mSET SQL_AUTO_IS_NULL=0[0m


Processing EquipmentController#index (for 127.0.0.1 at 2010-01-14 09:48:57) [GET]
Rendering template within layouts/application
Rendering equipment/index
Completed in 7ms (View: 5, DB: 0) | 200 OK [http://localhost/equipment]
  [4;36;1mSQL (0.1ms)[0m   [0;1mSET NAMES 'utf8'[0m
  [4;35;1mSQL (0.3ms)[0m   [0mSET SQL_AUTO_IS_NULL=0[0m


Processing ApplicationController#index (for 127.0.0.1 at 2010-01-14 09:48:59) [GET]

ActionController::RoutingError (No route matches "/images/slate/shared/glass-bg.gif" with {:method=>:get}):
  

Rendering rescues/layout (not_found)
  [4;36;1mSQL (0.1ms)[0m   [0;1mSET NAMES 'utf8'[0m
  [4;35;1mSQL (0.1ms)[0m   [0mSET SQL_AUTO_IS_NULL=0[0m


Processing EquipmentController#index (for 127.0.0.1 at 2010-01-14 09:51:43) [GET]
Rendering template within layouts/application
Rendering equipment/index
Completed in 13ms (View: 11, DB: 0) | 200 OK [http://localhost/equipment]
  [4;36;1mSQL (0.8ms)[0m   [0;1mSET NAMES 'utf8'[0m
  [4;35;1mSQL (0.2ms)[0m   [0mSET SQL_AUTO_IS_NULL=0[0m


Processing ApplicationController#index (for 127.0.0.1 at 2010-01-14 09:51:43) [GET]

ActionController::RoutingError (No route matches "/images/default/grid/loading.gif" with {:method=>:get}):
  

Rendering rescues/layout (not_found)
  [4;36;1mSQL (0.8ms)[0m   [0;1mSET NAMES 'utf8'[0m
  [4;35;1mSQL (0.1ms)[0m   [0mSET SQL_AUTO_IS_NULL=0[0m


Processing ApplicationController#index (for 127.0.0.1 at 2010-01-14 09:51:43) [GET]

ActionController::RoutingError (No route matches "/images/slate/shared/glass-bg.gif" with {:method=>:get}):
  

Rendering rescues/layout (not_found)
  [4;36;1mSQL (0.1ms)[0m   [0;1mSET NAMES 'utf8'[0m
  [4;35;1mSQL (0.1ms)[0m   [0mSET SQL_AUTO_IS_NULL=0[0m


Processing EquipmentController#index (for 127.0.0.1 at 2010-01-14 09:51:52) [GET]
Rendering template within layouts/application
Rendering equipment/index
Completed in 10ms (View: 8, DB: 0) | 200 OK [http://localhost/equipment]
  [4;36;1mSQL (0.1ms)[0m   [0;1mSET NAMES 'utf8'[0m
  [4;35;1mSQL (0.3ms)[0m   [0mSET SQL_AUTO_IS_NULL=0[0m


Processing ApplicationController#index (for 127.0.0.1 at 2010-01-14 09:51:53) [GET]

ActionController::RoutingError (No route matches "/images/slate/shared/glass-bg.gif" with {:method=>:get}):
  

Rendering rescues/layout (not_found)
  [4;36;1mSQL (0.2ms)[0m   [0;1mSET NAMES 'utf8'[0m
  [4;35;1mSQL (0.1ms)[0m   [0mSET SQL_AUTO_IS_NULL=0[0m


Processing EquipmentController#index (for 127.0.0.1 at 2010-01-14 09:52:28) [GET]
Rendering template within layouts/application
Rendering equipment/index
Completed in 12ms (View: 10, DB: 0) | 200 OK [http://localhost/equipment]
  [4;36;1mSQL (0.1ms)[0m   [0;1mSET NAMES 'utf8'[0m
  [4;35;1mSQL (0.1ms)[0m   [0mSET SQL_AUTO_IS_NULL=0[0m


Processing EquipmentController#index (for 127.0.0.1 at 2010-01-14 09:54:24) [GET]
Rendering template within layouts/application
Rendering equipment/index
Completed in 7ms (View: 5, DB: 0) | 200 OK [http://localhost/equipment]
  [4;36;1mSQL (0.2ms)[0m   [0;1mSET NAMES 'utf8'[0m
  [4;35;1mSQL (0.1ms)[0m   [0mSET SQL_AUTO_IS_NULL=0[0m


Processing ApplicationController#index (for 127.0.0.1 at 2010-01-14 09:54:25) [GET]

ActionController::RoutingError (No route matches "/images/slate/shared/glass-bg.gif" with {:method=>:get}):
  

Rendering rescues/layout (not_found)
  [4;36;1mSQL (0.1ms)[0m   [0;1mSET NAMES 'utf8'[0m
  [4;35;1mSQL (0.1ms)[0m   [0mSET SQL_AUTO_IS_NULL=0[0m


Processing EquipmentController#index (for 127.0.0.1 at 2010-01-14 10:05:38) [GET]
Rendering template within layouts/application
Rendering equipment/index
Completed in 9ms (View: 8, DB: 0) | 200 OK [http://localhost/equipment]
  [4;36;1mSQL (0.1ms)[0m   [0;1mSET NAMES 'utf8'[0m
  [4;35;1mSQL (1.5ms)[0m   [0mSET SQL_AUTO_IS_NULL=0[0m


Processing ApplicationController#index (for 127.0.0.1 at 2010-01-14 10:05:58) [GET]

ActionController::RoutingError (No route matches "/images/slate/shared/glass-bg.gif" with {:method=>:get}):
  

Rendering rescues/layout (not_found)
  [4;36;1mSQL (0.1ms)[0m   [0;1mSET NAMES 'utf8'[0m
  [4;35;1mSQL (0.1ms)[0m   [0mSET SQL_AUTO_IS_NULL=0[0m


Processing EquipmentController#index (for 127.0.0.1 at 2010-01-14 10:07:08) [GET]
Rendering template within layouts/application
Rendering equipment/index
Completed in 7ms (View: 5, DB: 0) | 200 OK [http://localhost/equipment]
  [4;36;1mSQL (0.1ms)[0m   [0;1mSET NAMES 'utf8'[0m
  [4;35;1mSQL (0.1ms)[0m   [0mSET SQL_AUTO_IS_NULL=0[0m


Processing ApplicationController#index (for 127.0.0.1 at 2010-01-14 10:07:10) [GET]

ActionController::RoutingError (No route matches "/images/slate/shared/glass-bg.gif" with {:method=>:get}):
  

Rendering rescues/layout (not_found)
  [4;36;1mSQL (0.3ms)[0m   [0;1mSET NAMES 'utf8'[0m
  [4;35;1mSQL (0.1ms)[0m   [0mSET SQL_AUTO_IS_NULL=0[0m


Processing EquipmentController#index (for 127.0.0.1 at 2010-01-14 10:07:21) [GET]
Rendering template within layouts/application
Rendering equipment/index
Completed in 8ms (View: 6, DB: 0) | 200 OK [http://localhost/equipment]
  [4;36;1mSQL (0.1ms)[0m   [0;1mSET NAMES 'utf8'[0m
  [4;35;1mSQL (0.1ms)[0m   [0mSET SQL_AUTO_IS_NULL=0[0m


Processing ApplicationController#index (for 127.0.0.1 at 2010-01-14 10:07:22) [GET]

ActionController::RoutingError (No route matches "/images/slate/shared/glass-bg.gif" with {:method=>:get}):
  

Rendering rescues/layout (not_found)
  [4;36;1mSQL (0.2ms)[0m   [0;1mSET NAMES 'utf8'[0m
  [4;35;1mSQL (0.1ms)[0m   [0mSET SQL_AUTO_IS_NULL=0[0m


Processing EquipmentController#index (for 127.0.0.1 at 2010-01-14 10:08:35) [GET]
Rendering template within layouts/application
Rendering equipment/index
Completed in 8ms (View: 7, DB: 0) | 200 OK [http://localhost/equipment]
  [4;36;1mSQL (0.1ms)[0m   [0;1mSET NAMES 'utf8'[0m
  [4;35;1mSQL (0.1ms)[0m   [0mSET SQL_AUTO_IS_NULL=0[0m


Processing ApplicationController#index (for 127.0.0.1 at 2010-01-14 10:08:36) [GET]

ActionController::RoutingError (No route matches "/images/slate/shared/glass-bg.gif" with {:method=>:get}):
  

Rendering rescues/layout (not_found)
  [4;36;1mSQL (0.2ms)[0m   [0;1mSET NAMES 'utf8'[0m
  [4;35;1mSQL (0.1ms)[0m   [0mSET SQL_AUTO_IS_NULL=0[0m


Processing EquipmentController#index (for 127.0.0.1 at 2010-01-14 10:09:35) [GET]
Rendering template within layouts/application
Rendering equipment/index
Completed in 9ms (View: 7, DB: 0) | 200 OK [http://localhost/equipment]
  [4;36;1mSQL (0.1ms)[0m   [0;1mSET NAMES 'utf8'[0m
  [4;35;1mSQL (0.1ms)[0m   [0mSET SQL_AUTO_IS_NULL=0[0m


Processing ApplicationController#index (for 127.0.0.1 at 2010-01-14 10:09:36) [GET]

ActionController::RoutingError (No route matches "/images/slate/shared/glass-bg.gif" with {:method=>:get}):
  

Rendering rescues/layout (not_found)
  [4;36;1mSQL (1.0ms)[0m   [0;1mSET NAMES 'utf8'[0m
  [4;35;1mSQL (0.1ms)[0m   [0mSET SQL_AUTO_IS_NULL=0[0m


Processing EquipmentController#index (for 127.0.0.1 at 2010-01-14 10:10:39) [GET]
Rendering template within layouts/application
Rendering equipment/index
Completed in 9ms (View: 8, DB: 1) | 200 OK [http://localhost/equipment]
  [4;36;1mSQL (0.1ms)[0m   [0;1mSET NAMES 'utf8'[0m
  [4;35;1mSQL (0.1ms)[0m   [0mSET SQL_AUTO_IS_NULL=0[0m


Processing ApplicationController#index (for 127.0.0.1 at 2010-01-14 10:10:41) [GET]

ActionController::RoutingError (No route matches "/images/slate/shared/glass-bg.gif" with {:method=>:get}):
  

Rendering rescues/layout (not_found)
  [4;36;1mSQL (0.2ms)[0m   [0;1mSET NAMES 'utf8'[0m
  [4;35;1mSQL (0.1ms)[0m   [0mSET SQL_AUTO_IS_NULL=0[0m


Processing EquipmentController#index (for 127.0.0.1 at 2010-01-14 10:11:23) [GET]
Rendering template within layouts/application
Rendering equipment/index
Completed in 16ms (View: 14, DB: 0) | 200 OK [http://localhost/equipment]
  [4;36;1mSQL (0.3ms)[0m   [0;1mSET NAMES 'utf8'[0m
  [4;35;1mSQL (0.5ms)[0m   [0mSET SQL_AUTO_IS_NULL=0[0m


Processing ApplicationController#index (for 127.0.0.1 at 2010-01-14 10:11:24) [GET]

ActionController::RoutingError (No route matches "/images/slate/shared/glass-bg.gif" with {:method=>:get}):
  

Rendering rescues/layout (not_found)
  [4;36;1mSQL (0.2ms)[0m   [0;1mSET NAMES 'utf8'[0m
  [4;35;1mSQL (0.1ms)[0m   [0mSET SQL_AUTO_IS_NULL=0[0m


Processing EquipmentController#index (for 127.0.0.1 at 2010-01-14 10:12:08) [GET]
Rendering template within layouts/application
Rendering equipment/index
Completed in 14ms (View: 13, DB: 0) | 200 OK [http://localhost/equipment]
  [4;36;1mSQL (0.1ms)[0m   [0;1mSET NAMES 'utf8'[0m
  [4;35;1mSQL (0.1ms)[0m   [0mSET SQL_AUTO_IS_NULL=0[0m


Processing ApplicationController#index (for 127.0.0.1 at 2010-01-14 10:12:10) [GET]

ActionController::RoutingError (No route matches "/images/slate/shared/glass-bg.gif" with {:method=>:get}):
  

Rendering rescues/layout (not_found)
  [4;36;1mSQL (0.1ms)[0m   [0;1mSET NAMES 'utf8'[0m
  [4;35;1mSQL (0.1ms)[0m   [0mSET SQL_AUTO_IS_NULL=0[0m


Processing EquipmentController#index (for 127.0.0.1 at 2010-01-14 10:17:15) [GET]
Rendering template within layouts/application
Rendering equipment/index
Completed in 14ms (View: 12, DB: 0) | 200 OK [http://localhost/equipment]
  [4;36;1mSQL (0.1ms)[0m   [0;1mSET NAMES 'utf8'[0m
  [4;35;1mSQL (0.1ms)[0m   [0mSET SQL_AUTO_IS_NULL=0[0m


Processing ApplicationController#index (for 127.0.0.1 at 2010-01-14 10:17:27) [GET]

ActionController::RoutingError (No route matches "/images/default/grid/loading.gif" with {:method=>:get}):
  

Rendering rescues/layout (not_found)
  [4;36;1mSQL (0.1ms)[0m   [0;1mSET NAMES 'utf8'[0m
  [4;35;1mSQL (0.1ms)[0m   [0mSET SQL_AUTO_IS_NULL=0[0m


Processing ApplicationController#index (for 127.0.0.1 at 2010-01-14 10:17:27) [GET]

ActionController::RoutingError (No route matches "/images/slate/shared/glass-bg.gif" with {:method=>:get}):
  

Rendering rescues/layout (not_found)
  [4;36;1mSQL (0.2ms)[0m   [0;1mSET NAMES 'utf8'[0m
  [4;35;1mSQL (0.1ms)[0m   [0mSET SQL_AUTO_IS_NULL=0[0m


Processing EquipmentController#index (for 127.0.0.1 at 2010-01-14 10:27:04) [GET]
Rendering template within layouts/application
Rendering equipment/index
Completed in 8ms (View: 6, DB: 0) | 200 OK [http://localhost/equipment]
  [4;36;1mSQL (1.2ms)[0m   [0;1mSET NAMES 'utf8'[0m
  [4;35;1mSQL (8.4ms)[0m   [0mSET SQL_AUTO_IS_NULL=0[0m


Processing ApplicationController#index (for 127.0.0.1 at 2010-01-14 10:27:25) [GET]

ActionController::RoutingError (No route matches "/images/slate/shared/glass-bg.gif" with {:method=>:get}):
  

Rendering rescues/layout (not_found)
  [4;36;1mSQL (0.1ms)[0m   [0;1mSET NAMES 'utf8'[0m
  [4;35;1mSQL (0.1ms)[0m   [0mSET SQL_AUTO_IS_NULL=0[0m


Processing ApplicationController#index (for 127.0.0.1 at 2010-01-14 10:27:25) [GET]

ActionController::RoutingError (No route matches "/list-items.gif" with {:method=>:get}):
  

Rendering rescues/layout (not_found)
  [4;36;1mSQL (0.2ms)[0m   [0;1mSET NAMES 'utf8'[0m
  [4;35;1mSQL (0.1ms)[0m   [0mSET SQL_AUTO_IS_NULL=0[0m


Processing EquipmentController#index (for 127.0.0.1 at 2010-01-14 19:56:05) [GET]
Rendering template within layouts/application
Rendering equipment/index
Completed in 158ms (View: 156, DB: 0) | 200 OK [http://localhost/equipment]
  [4;36;1mSQL (0.1ms)[0m   [0;1mSET NAMES 'utf8'[0m
  [4;35;1mSQL (0.1ms)[0m   [0mSET SQL_AUTO_IS_NULL=0[0m


Processing ApplicationController#index (for 127.0.0.1 at 2010-01-14 19:56:07) [GET]

ActionController::RoutingError (No route matches "/images/slate/shared/glass-bg.gif" with {:method=>:get}):
  

Rendering rescues/layout (not_found)
  [4;36;1mSQL (0.1ms)[0m   [0;1mSET NAMES 'utf8'[0m
  [4;35;1mSQL (0.1ms)[0m   [0mSET SQL_AUTO_IS_NULL=0[0m


Processing ApplicationController#index (for 127.0.0.1 at 2010-01-14 19:56:08) [GET]

ActionController::RoutingError (No route matches "/list-items.gif" with {:method=>:get}):
  

Rendering rescues/layout (not_found)
  [4;36;1mSQL (0.1ms)[0m   [0;1mSET NAMES 'utf8'[0m
  [4;35;1mSQL (0.1ms)[0m   [0mSET SQL_AUTO_IS_NULL=0[0m


Processing EquipmentController#index (for 127.0.0.1 at 2010-01-14 22:04:15) [GET]
Rendering template within layouts/application
Rendering equipment/index
Completed in 9ms (View: 7, DB: 0) | 200 OK [http://localhost/equipment]
  [4;36;1mSQL (0.1ms)[0m   [0;1mSET NAMES 'utf8'[0m
  [4;35;1mSQL (0.1ms)[0m   [0mSET SQL_AUTO_IS_NULL=0[0m


Processing ApplicationController#index (for 127.0.0.1 at 2010-01-14 22:04:19) [GET]

ActionController::RoutingError (No route matches "/images/slate/shared/glass-bg.gif" with {:method=>:get}):
  

Rendering rescues/layout (not_found)
  [4;36;1mSQL (0.2ms)[0m   [0;1mSET NAMES 'utf8'[0m
  [4;35;1mSQL (0.1ms)[0m   [0mSET SQL_AUTO_IS_NULL=0[0m


Processing EquipmentController#index (for 127.0.0.1 at 2010-01-14 22:06:35) [GET]
Rendering template within layouts/application
Rendering equipment/index
Completed in 18ms (View: 15, DB: 0) | 200 OK [http://localhost/equipment]
  [4;36;1mSQL (0.1ms)[0m   [0;1mSET NAMES 'utf8'[0m
  [4;35;1mSQL (0.1ms)[0m   [0mSET SQL_AUTO_IS_NULL=0[0m


Processing ApplicationController#index (for 127.0.0.1 at 2010-01-14 22:06:37) [GET]

ActionController::RoutingError (No route matches "/images/slate/shared/glass-bg.gif" with {:method=>:get}):
  

Rendering rescues/layout (not_found)
  [4;36;1mSQL (0.1ms)[0m   [0;1mSET NAMES 'utf8'[0m
  [4;35;1mSQL (0.2ms)[0m   [0mSET SQL_AUTO_IS_NULL=0[0m


Processing ApplicationController#index (for 127.0.0.1 at 2010-01-14 22:06:37) [GET]

ActionController::RoutingError (No route matches "/images/fugue/icons/_overlay/flag-plus.png" with {:method=>:get}):
  

Rendering rescues/layout (not_found)
  [4;36;1mSQL (0.2ms)[0m   [0;1mSET NAMES 'utf8'[0m
  [4;35;1mSQL (0.1ms)[0m   [0mSET SQL_AUTO_IS_NULL=0[0m


Processing ApplicationController#index (for 127.0.0.1 at 2010-01-14 22:06:49) [GET]

ActionController::RoutingError (No route matches "/images/fugue/icons/_overlay/flag-plus.png" with {:method=>:get}):
  

Rendering rescues/layout (not_found)
  [4;36;1mSQL (0.1ms)[0m   [0;1mSET NAMES 'utf8'[0m
  [4;35;1mSQL (0.1ms)[0m   [0mSET SQL_AUTO_IS_NULL=0[0m


Processing EquipmentController#index (for 127.0.0.1 at 2010-01-14 22:07:43) [GET]
Rendering template within layouts/application
Rendering equipment/index
Completed in 10ms (View: 6, DB: 0) | 200 OK [http://localhost/equipment]
  [4;36;1mSQL (0.1ms)[0m   [0;1mSET NAMES 'utf8'[0m
  [4;35;1mSQL (0.1ms)[0m   [0mSET SQL_AUTO_IS_NULL=0[0m


Processing ApplicationController#index (for 127.0.0.1 at 2010-01-14 22:07:44) [GET]

ActionController::RoutingError (No route matches "/images/slate/shared/glass-bg.gif" with {:method=>:get}):
  

Rendering rescues/layout (not_found)
  [4;36;1mSQL (0.1ms)[0m   [0;1mSET NAMES 'utf8'[0m
  [4;35;1mSQL (0.1ms)[0m   [0mSET SQL_AUTO_IS_NULL=0[0m


Processing EquipmentController#index (for 127.0.0.1 at 2010-01-14 22:11:31) [GET]
Rendering template within layouts/application
Rendering equipment/index
Completed in 9ms (View: 7, DB: 0) | 200 OK [http://localhost/equipment]
  [4;36;1mSQL (0.1ms)[0m   [0;1mSET NAMES 'utf8'[0m
  [4;35;1mSQL (0.1ms)[0m   [0mSET SQL_AUTO_IS_NULL=0[0m


Processing ApplicationController#index (for 127.0.0.1 at 2010-01-14 22:11:33) [GET]

ActionController::RoutingError (No route matches "/images/slate/shared/glass-bg.gif" with {:method=>:get}):
  

Rendering rescues/layout (not_found)
  [4;36;1mSQL (0.2ms)[0m   [0;1mSET NAMES 'utf8'[0m
  [4;35;1mSQL (0.1ms)[0m   [0mSET SQL_AUTO_IS_NULL=0[0m


Processing EquipmentController#index (for 127.0.0.1 at 2010-01-14 22:11:50) [GET]
Rendering template within layouts/application
Rendering equipment/index
Completed in 8ms (View: 6, DB: 0) | 200 OK [http://localhost/equipment]
  [4;36;1mSQL (0.1ms)[0m   [0;1mSET NAMES 'utf8'[0m
  [4;35;1mSQL (0.1ms)[0m   [0mSET SQL_AUTO_IS_NULL=0[0m


Processing ApplicationController#index (for 127.0.0.1 at 2010-01-14 22:11:51) [GET]

ActionController::RoutingError (No route matches "/images/slate/shared/glass-bg.gif" with {:method=>:get}):
  

Rendering rescues/layout (not_found)
  [4;36;1mSQL (0.1ms)[0m   [0;1mSET NAMES 'utf8'[0m
  [4;35;1mSQL (0.1ms)[0m   [0mSET SQL_AUTO_IS_NULL=0[0m


Processing EquipmentController#index (for 127.0.0.1 at 2010-01-14 22:12:33) [GET]
Rendering template within layouts/application
Rendering equipment/index
Completed in 8ms (View: 6, DB: 0) | 200 OK [http://localhost/equipment]
  [4;36;1mSQL (0.1ms)[0m   [0;1mSET NAMES 'utf8'[0m
  [4;35;1mSQL (0.1ms)[0m   [0mSET SQL_AUTO_IS_NULL=0[0m


Processing ApplicationController#index (for 127.0.0.1 at 2010-01-14 22:12:35) [GET]

ActionController::RoutingError (No route matches "/images/slate/shared/glass-bg.gif" with {:method=>:get}):
  

Rendering rescues/layout (not_found)
  [4;36;1mSQL (0.1ms)[0m   [0;1mSET NAMES 'utf8'[0m
  [4;35;1mSQL (0.1ms)[0m   [0mSET SQL_AUTO_IS_NULL=0[0m


Processing EquipmentController#index (for 127.0.0.1 at 2010-01-14 22:19:45) [GET]
Rendering template within layouts/application
Rendering equipment/index
Completed in 10ms (View: 6, DB: 0) | 200 OK [http://localhost/equipment]
  [4;36;1mSQL (0.1ms)[0m   [0;1mSET NAMES 'utf8'[0m
  [4;35;1mSQL (0.1ms)[0m   [0mSET SQL_AUTO_IS_NULL=0[0m


Processing ApplicationController#index (for 127.0.0.1 at 2010-01-14 22:19:47) [GET]

ActionController::RoutingError (No route matches "/images/slate/shared/glass-bg.gif" with {:method=>:get}):
  

Rendering rescues/layout (not_found)
  [4;36;1mSQL (0.1ms)[0m   [0;1mSET NAMES 'utf8'[0m
  [4;35;1mSQL (0.1ms)[0m   [0mSET SQL_AUTO_IS_NULL=0[0m


Processing EquipmentController#index (for 127.0.0.1 at 2010-01-14 22:34:41) [GET]
Rendering template within layouts/application
Rendering equipment/index
Completed in 13ms (View: 11, DB: 0) | 200 OK [http://localhost/equipment]
  [4;36;1mSQL (0.1ms)[0m   [0;1mSET NAMES 'utf8'[0m
  [4;35;1mSQL (0.1ms)[0m   [0mSET SQL_AUTO_IS_NULL=0[0m


Processing ApplicationController#index (for 127.0.0.1 at 2010-01-14 22:34:53) [GET]

ActionController::RoutingError (No route matches "/images/slate/shared/glass-bg.gif" with {:method=>:get}):
  

Rendering rescues/layout (not_found)
  [4;36;1mSQL (0.1ms)[0m   [0;1mSET NAMES 'utf8'[0m
  [4;35;1mSQL (0.1ms)[0m   [0mSET SQL_AUTO_IS_NULL=0[0m


Processing EquipmentController#index (for 127.0.0.1 at 2010-01-14 22:35:58) [GET]
Rendering template within layouts/application
Rendering equipment/index
Completed in 9ms (View: 7, DB: 0) | 200 OK [http://localhost/equipment]
  [4;36;1mSQL (0.1ms)[0m   [0;1mSET NAMES 'utf8'[0m
  [4;35;1mSQL (0.1ms)[0m   [0mSET SQL_AUTO_IS_NULL=0[0m


Processing ApplicationController#index (for 127.0.0.1 at 2010-01-14 22:36:00) [GET]

ActionController::RoutingError (No route matches "/images/slate/shared/glass-bg.gif" with {:method=>:get}):
  

Rendering rescues/layout (not_found)
  [4;36;1mSQL (0.1ms)[0m   [0;1mSET NAMES 'utf8'[0m
  [4;35;1mSQL (0.1ms)[0m   [0mSET SQL_AUTO_IS_NULL=0[0m


Processing EquipmentController#index (for 127.0.0.1 at 2010-01-14 22:36:21) [GET]
Rendering template within layouts/application
Rendering equipment/index
Completed in 8ms (View: 6, DB: 0) | 200 OK [http://localhost/equipment]
  [4;36;1mSQL (0.1ms)[0m   [0;1mSET NAMES 'utf8'[0m
  [4;35;1mSQL (0.2ms)[0m   [0mSET SQL_AUTO_IS_NULL=0[0m


Processing ApplicationController#index (for 127.0.0.1 at 2010-01-14 22:36:23) [GET]

ActionController::RoutingError (No route matches "/images/slate/shared/glass-bg.gif" with {:method=>:get}):
  

Rendering rescues/layout (not_found)
  [4;36;1mSQL (0.1ms)[0m   [0;1mSET NAMES 'utf8'[0m
  [4;35;1mSQL (0.1ms)[0m   [0mSET SQL_AUTO_IS_NULL=0[0m


Processing EquipmentController#index (for 127.0.0.1 at 2010-01-14 22:36:56) [GET]
Rendering template within layouts/application
Rendering equipment/index
Completed in 9ms (View: 7, DB: 0) | 200 OK [http://localhost/equipment]
  [4;36;1mSQL (0.1ms)[0m   [0;1mSET NAMES 'utf8'[0m
  [4;35;1mSQL (0.1ms)[0m   [0mSET SQL_AUTO_IS_NULL=0[0m


Processing ApplicationController#index (for 127.0.0.1 at 2010-01-14 22:36:58) [GET]

ActionController::RoutingError (No route matches "/images/slate/shared/glass-bg.gif" with {:method=>:get}):
  

Rendering rescues/layout (not_found)
  [4;36;1mSQL (0.1ms)[0m   [0;1mSET NAMES 'utf8'[0m
  [4;35;1mSQL (0.1ms)[0m   [0mSET SQL_AUTO_IS_NULL=0[0m


Processing EquipmentController#index (for 127.0.0.1 at 2010-01-14 22:42:28) [GET]
Rendering template within layouts/application
Rendering equipment/index
Completed in 15ms (View: 13, DB: 0) | 200 OK [http://localhost/equipment]
  [4;36;1mSQL (0.1ms)[0m   [0;1mSET NAMES 'utf8'[0m
  [4;35;1mSQL (0.1ms)[0m   [0mSET SQL_AUTO_IS_NULL=0[0m


Processing ApplicationController#index (for 127.0.0.1 at 2010-01-14 22:42:30) [GET]

ActionController::RoutingError (No route matches "/images/slate/shared/glass-bg.gif" with {:method=>:get}):
  

Rendering rescues/layout (not_found)
  [4;36;1mSQL (0.2ms)[0m   [0;1mSET NAMES 'utf8'[0m
  [4;35;1mSQL (0.1ms)[0m   [0mSET SQL_AUTO_IS_NULL=0[0m


Processing EquipmentController#index (for 127.0.0.1 at 2010-01-14 22:45:27) [GET]
Rendering template within layouts/application
Rendering equipment/index
Completed in 15ms (View: 13, DB: 0) | 200 OK [http://localhost/equipment]
  [4;36;1mSQL (0.1ms)[0m   [0;1mSET NAMES 'utf8'[0m
  [4;35;1mSQL (0.1ms)[0m   [0mSET SQL_AUTO_IS_NULL=0[0m


Processing ApplicationController#index (for 127.0.0.1 at 2010-01-14 22:45:29) [GET]

ActionController::RoutingError (No route matches "/images/slate/shared/glass-bg.gif" with {:method=>:get}):
  

Rendering rescues/layout (not_found)
  [4;36;1mSQL (0.1ms)[0m   [0;1mSET NAMES 'utf8'[0m
  [4;35;1mSQL (0.1ms)[0m   [0mSET SQL_AUTO_IS_NULL=0[0m


Processing EquipmentController#index (for 127.0.0.1 at 2010-01-14 22:51:06) [GET]
Rendering template within layouts/application
Rendering equipment/index
Completed in 9ms (View: 7, DB: 0) | 200 OK [http://localhost/equipment]
  [4;36;1mSQL (0.1ms)[0m   [0;1mSET NAMES 'utf8'[0m
  [4;35;1mSQL (0.1ms)[0m   [0mSET SQL_AUTO_IS_NULL=0[0m


Processing ApplicationController#index (for 127.0.0.1 at 2010-01-14 22:51:07) [GET]

ActionController::RoutingError (No route matches "/images/slate/shared/glass-bg.gif" with {:method=>:get}):
  

Rendering rescues/layout (not_found)
  [4;36;1mSQL (0.2ms)[0m   [0;1mSET NAMES 'utf8'[0m
  [4;35;1mSQL (0.1ms)[0m   [0mSET SQL_AUTO_IS_NULL=0[0m


Processing EquipmentController#index (for 127.0.0.1 at 2010-01-14 22:51:41) [GET]
Rendering template within layouts/application
Rendering equipment/index
Completed in 14ms (View: 9, DB: 0) | 200 OK [http://localhost/equipment]
  [4;36;1mSQL (0.1ms)[0m   [0;1mSET NAMES 'utf8'[0m
  [4;35;1mSQL (0.1ms)[0m   [0mSET SQL_AUTO_IS_NULL=0[0m


Processing ApplicationController#index (for 127.0.0.1 at 2010-01-14 22:51:50) [GET]

ActionController::RoutingError (No route matches "/images/slate/shared/glass-bg.gif" with {:method=>:get}):
  

Rendering rescues/layout (not_found)
  [4;36;1mSQL (0.1ms)[0m   [0;1mSET NAMES 'utf8'[0m
  [4;35;1mSQL (0.1ms)[0m   [0mSET SQL_AUTO_IS_NULL=0[0m


Processing EquipmentController#index (for 127.0.0.1 at 2010-01-14 22:59:38) [GET]
Rendering template within layouts/application
Rendering equipment/index
Completed in 10ms (View: 8, DB: 0) | 200 OK [http://localhost/equipment]
  [4;36;1mSQL (0.2ms)[0m   [0;1mSET NAMES 'utf8'[0m
  [4;35;1mSQL (0.1ms)[0m   [0mSET SQL_AUTO_IS_NULL=0[0m


Processing EquipmentController#index (for 127.0.0.1 at 2010-01-14 22:59:44) [GET]
Rendering template within layouts/application
Rendering equipment/index
Completed in 8ms (View: 6, DB: 0) | 200 OK [http://localhost/equipment]
  [4;36;1mSQL (0.1ms)[0m   [0;1mSET NAMES 'utf8'[0m
  [4;35;1mSQL (0.1ms)[0m   [0mSET SQL_AUTO_IS_NULL=0[0m


Processing ApplicationController#index (for 127.0.0.1 at 2010-01-14 22:59:56) [GET]

ActionController::RoutingError (No route matches "/images/slate/shared/glass-bg.gif" with {:method=>:get}):
  

Rendering rescues/layout (not_found)
  [4;36;1mSQL (0.1ms)[0m   [0;1mSET NAMES 'utf8'[0m
  [4;35;1mSQL (0.1ms)[0m   [0mSET SQL_AUTO_IS_NULL=0[0m


Processing EquipmentController#index (for 127.0.0.1 at 2010-01-14 23:01:13) [GET]
Rendering template within layouts/application
Rendering equipment/index
Completed in 8ms (View: 6, DB: 0) | 200 OK [http://localhost/equipment]
  [4;36;1mSQL (0.1ms)[0m   [0;1mSET NAMES 'utf8'[0m
  [4;35;1mSQL (0.1ms)[0m   [0mSET SQL_AUTO_IS_NULL=0[0m


Processing EquipmentController#index (for 127.0.0.1 at 2010-01-14 23:01:21) [GET]
Rendering template within layouts/application
Rendering equipment/index
Completed in 8ms (View: 7, DB: 0) | 200 OK [http://localhost/equipment]
  [4;36;1mSQL (0.1ms)[0m   [0;1mSET NAMES 'utf8'[0m
  [4;35;1mSQL (0.1ms)[0m   [0mSET SQL_AUTO_IS_NULL=0[0m


Processing EquipmentController#index (for 127.0.0.1 at 2010-01-14 23:01:26) [GET]
Rendering template within layouts/application
Rendering equipment/index
Completed in 8ms (View: 7, DB: 0) | 200 OK [http://localhost/equipment]
  [4;36;1mSQL (0.1ms)[0m   [0;1mSET NAMES 'utf8'[0m
  [4;35;1mSQL (0.1ms)[0m   [0mSET SQL_AUTO_IS_NULL=0[0m


Processing EquipmentController#index (for 127.0.0.1 at 2010-01-14 23:01:31) [GET]
Rendering template within layouts/application
Rendering equipment/index
Completed in 8ms (View: 6, DB: 0) | 200 OK [http://localhost/equipment]
  [4;36;1mSQL (0.1ms)[0m   [0;1mSET NAMES 'utf8'[0m
  [4;35;1mSQL (0.1ms)[0m   [0mSET SQL_AUTO_IS_NULL=0[0m


Processing ApplicationController#index (for 127.0.0.1 at 2010-01-14 23:01:43) [GET]

ActionController::RoutingError (No route matches "/images/slate/shared/glass-bg.gif" with {:method=>:get}):
  

Rendering rescues/layout (not_found)
  [4;36;1mSQL (0.1ms)[0m   [0;1mSET NAMES 'utf8'[0m
  [4;35;1mSQL (0.1ms)[0m   [0mSET SQL_AUTO_IS_NULL=0[0m


Processing EquipmentController#index (for 127.0.0.1 at 2010-01-14 23:04:35) [GET]
Rendering template within layouts/application
Rendering equipment/index
Completed in 10ms (View: 8, DB: 0) | 200 OK [http://localhost/equipment]
  [4;36;1mSQL (0.1ms)[0m   [0;1mSET NAMES 'utf8'[0m
  [4;35;1mSQL (0.1ms)[0m   [0mSET SQL_AUTO_IS_NULL=0[0m


Processing ApplicationController#index (for 127.0.0.1 at 2010-01-14 23:04:45) [GET]

ActionController::RoutingError (No route matches "/images/slate/shared/glass-bg.gif" with {:method=>:get}):
  

Rendering rescues/layout (not_found)
  [4;36;1mSQL (0.2ms)[0m   [0;1mSET NAMES 'utf8'[0m
  [4;35;1mSQL (0.2ms)[0m   [0mSET SQL_AUTO_IS_NULL=0[0m


Processing EquipmentController#index (for 127.0.0.1 at 2010-01-14 23:05:57) [GET]
Rendering template within layouts/application
Rendering equipment/index
Completed in 8ms (View: 6, DB: 0) | 200 OK [http://localhost/equipment]
  [4;36;1mSQL (0.1ms)[0m   [0;1mSET NAMES 'utf8'[0m
  [4;35;1mSQL (0.1ms)[0m   [0mSET SQL_AUTO_IS_NULL=0[0m


Processing ApplicationController#index (for 127.0.0.1 at 2010-01-14 23:05:58) [GET]

ActionController::RoutingError (No route matches "/images/slate/shared/glass-bg.gif" with {:method=>:get}):
  

Rendering rescues/layout (not_found)
  [4;36;1mSQL (0.1ms)[0m   [0;1mSET NAMES 'utf8'[0m
  [4;35;1mSQL (0.1ms)[0m   [0mSET SQL_AUTO_IS_NULL=0[0m


Processing EquipmentController#index (for 127.0.0.1 at 2010-01-14 23:06:17) [GET]
Rendering template within layouts/application
Rendering equipment/index
Completed in 8ms (View: 6, DB: 0) | 200 OK [http://localhost/equipment]
  [4;36;1mSQL (0.1ms)[0m   [0;1mSET NAMES 'utf8'[0m
  [4;35;1mSQL (0.1ms)[0m   [0mSET SQL_AUTO_IS_NULL=0[0m


Processing ApplicationController#index (for 127.0.0.1 at 2010-01-14 23:06:18) [GET]

ActionController::RoutingError (No route matches "/images/slate/shared/glass-bg.gif" with {:method=>:get}):
  

Rendering rescues/layout (not_found)
  [4;36;1mSQL (0.2ms)[0m   [0;1mSET NAMES 'utf8'[0m
  [4;35;1mSQL (0.1ms)[0m   [0mSET SQL_AUTO_IS_NULL=0[0m


Processing EquipmentController#index (for 127.0.0.1 at 2010-01-14 23:06:55) [GET]
Rendering template within layouts/application
Rendering equipment/index
Completed in 14ms (View: 12, DB: 0) | 200 OK [http://localhost/equipment]
  [4;36;1mSQL (0.1ms)[0m   [0;1mSET NAMES 'utf8'[0m
  [4;35;1mSQL (0.1ms)[0m   [0mSET SQL_AUTO_IS_NULL=0[0m


Processing ApplicationController#index (for 127.0.0.1 at 2010-01-14 23:06:56) [GET]

ActionController::RoutingError (No route matches "/images/slate/shared/glass-bg.gif" with {:method=>:get}):
  

Rendering rescues/layout (not_found)
  [4;36;1mSQL (0.3ms)[0m   [0;1mSET NAMES 'utf8'[0m
  [4;35;1mSQL (0.1ms)[0m   [0mSET SQL_AUTO_IS_NULL=0[0m


Processing EquipmentController#index (for 127.0.0.1 at 2010-01-14 23:07:15) [GET]
Rendering template within layouts/application
Rendering equipment/index
Completed in 8ms (View: 6, DB: 0) | 200 OK [http://localhost/equipment]
  [4;36;1mSQL (0.1ms)[0m   [0;1mSET NAMES 'utf8'[0m
  [4;35;1mSQL (0.1ms)[0m   [0mSET SQL_AUTO_IS_NULL=0[0m


Processing ApplicationController#index (for 127.0.0.1 at 2010-01-14 23:07:16) [GET]

ActionController::RoutingError (No route matches "/images/slate/shared/glass-bg.gif" with {:method=>:get}):
  

Rendering rescues/layout (not_found)
  [4;36;1mSQL (0.2ms)[0m   [0;1mSET NAMES 'utf8'[0m
  [4;35;1mSQL (0.1ms)[0m   [0mSET SQL_AUTO_IS_NULL=0[0m


Processing EquipmentController#index (for 127.0.0.1 at 2010-01-14 23:08:33) [GET]
Rendering template within layouts/application
Rendering equipment/index
Completed in 8ms (View: 7, DB: 0) | 200 OK [http://localhost/equipment]
  [4;36;1mSQL (0.1ms)[0m   [0;1mSET NAMES 'utf8'[0m
  [4;35;1mSQL (0.1ms)[0m   [0mSET SQL_AUTO_IS_NULL=0[0m


Processing ApplicationController#index (for 127.0.0.1 at 2010-01-14 23:08:34) [GET]

ActionController::RoutingError (No route matches "/images/slate/shared/glass-bg.gif" with {:method=>:get}):
  

Rendering rescues/layout (not_found)
  [4;36;1mSQL (0.1ms)[0m   [0;1mSET NAMES 'utf8'[0m
  [4;35;1mSQL (0.1ms)[0m   [0mSET SQL_AUTO_IS_NULL=0[0m


Processing EquipmentController#index (for 127.0.0.1 at 2010-01-14 23:09:16) [GET]
Rendering template within layouts/application
Rendering equipment/index
Completed in 8ms (View: 6, DB: 0) | 200 OK [http://localhost/equipment]
  [4;36;1mSQL (0.1ms)[0m   [0;1mSET NAMES 'utf8'[0m
  [4;35;1mSQL (0.1ms)[0m   [0mSET SQL_AUTO_IS_NULL=0[0m


Processing ApplicationController#index (for 127.0.0.1 at 2010-01-14 23:09:17) [GET]

ActionController::RoutingError (No route matches "/images/slate/shared/glass-bg.gif" with {:method=>:get}):
  

Rendering rescues/layout (not_found)
  [4;36;1mSQL (0.2ms)[0m   [0;1mSET NAMES 'utf8'[0m
  [4;35;1mSQL (0.1ms)[0m   [0mSET SQL_AUTO_IS_NULL=0[0m


Processing EquipmentController#index (for 127.0.0.1 at 2010-01-15 08:24:48) [GET]
Rendering template within layouts/application
Rendering equipment/index
Completed in 139ms (View: 135, DB: 0) | 200 OK [http://localhost/equipment]
  [4;36;1mSQL (0.1ms)[0m   [0;1mSET NAMES 'utf8'[0m
  [4;35;1mSQL (0.8ms)[0m   [0mSET SQL_AUTO_IS_NULL=0[0m


Processing ApplicationController#index (for 127.0.0.1 at 2010-01-15 08:24:56) [GET]

ActionController::RoutingError (No route matches "/images/slate/shared/glass-bg.gif" with {:method=>:get}):
  /usr/lib/ruby/1.8/rack/head.rb:9:in `call'
  /usr/lib/ruby/1.8/rack/methodoverride.rb:24:in `call'
  /usr/lib/ruby/1.8/rack/lock.rb:11:in `call'
  /usr/lib/ruby/1.8/rack/lock.rb:11:in `synchronize'
  /usr/lib/ruby/1.8/rack/lock.rb:11:in `call'
  /usr/lib/ruby/1.8/rack/adapter/rails.rb:81:in `call'
  /usr/lib/ruby/1.8/rack/adapter/rails.rb:69:in `call'
  /usr/lib/ruby/1.8/thin/connection.rb:76:in `pre_process'
  /usr/lib/ruby/1.8/thin/connection.rb:74:in `catch'
  /usr/lib/ruby/1.8/thin/connection.rb:74:in `pre_process'
  /usr/lib/ruby/1.8/thin/connection.rb:57:in `process'
  /usr/lib/ruby/1.8/thin/connection.rb:42:in `receive_data'
  /usr/lib/ruby/1.8/eventmachine.rb:240:in `run_machine'
  /usr/lib/ruby/1.8/eventmachine.rb:240:in `run'
  /usr/lib/ruby/1.8/thin/backends/base.rb:57:in `start'
  /usr/lib/ruby/1.8/thin/server.rb:156:in `start'
  /usr/lib/ruby/1.8/thin/controllers/controller.rb:80:in `start'
  /usr/lib/ruby/1.8/thin/runner.rb:174:in `send'
  /usr/lib/ruby/1.8/thin/runner.rb:174:in `run_command'
  /usr/lib/ruby/1.8/thin/runner.rb:140:in `run!'
  /usr/bin/thin:10

Rendering rescues/layout (not_found)
  [4;36;1mSQL (10.6ms)[0m   [0;1mSET NAMES 'utf8'[0m
  [4;35;1mSQL (0.1ms)[0m   [0mSET SQL_AUTO_IS_NULL=0[0m


Processing EquipmentController#index (for 127.0.0.1 at 2010-01-15 08:48:08) [GET]
Rendering template within layouts/application
Rendering equipment/index
Completed in 17ms (View: 13, DB: 11) | 200 OK [http://localhost/equipment]
  [4;36;1mSQL (0.1ms)[0m   [0;1mSET NAMES 'utf8'[0m
  [4;35;1mSQL (0.2ms)[0m   [0mSET SQL_AUTO_IS_NULL=0[0m


Processing ApplicationController#index (for 127.0.0.1 at 2010-01-15 08:48:14) [GET]

ActionController::RoutingError (No route matches "/images/slate/shared/glass-bg.gif" with {:method=>:get}):
  /usr/lib/ruby/1.8/rack/head.rb:9:in `call'
  /usr/lib/ruby/1.8/rack/methodoverride.rb:24:in `call'
  /usr/lib/ruby/1.8/rack/lock.rb:11:in `call'
  /usr/lib/ruby/1.8/rack/lock.rb:11:in `synchronize'
  /usr/lib/ruby/1.8/rack/lock.rb:11:in `call'
  /usr/lib/ruby/1.8/rack/adapter/rails.rb:81:in `call'
  /usr/lib/ruby/1.8/rack/adapter/rails.rb:69:in `call'
  /usr/lib/ruby/1.8/thin/connection.rb:76:in `pre_process'
  /usr/lib/ruby/1.8/thin/connection.rb:74:in `catch'
  /usr/lib/ruby/1.8/thin/connection.rb:74:in `pre_process'
  /usr/lib/ruby/1.8/thin/connection.rb:57:in `process'
  /usr/lib/ruby/1.8/thin/connection.rb:42:in `receive_data'
  /usr/lib/ruby/1.8/eventmachine.rb:240:in `run_machine'
  /usr/lib/ruby/1.8/eventmachine.rb:240:in `run'
  /usr/lib/ruby/1.8/thin/backends/base.rb:57:in `start'
  /usr/lib/ruby/1.8/thin/server.rb:156:in `start'
  /usr/lib/ruby/1.8/thin/controllers/controller.rb:80:in `start'
  /usr/lib/ruby/1.8/thin/runner.rb:174:in `send'
  /usr/lib/ruby/1.8/thin/runner.rb:174:in `run_command'
  /usr/lib/ruby/1.8/thin/runner.rb:140:in `run!'
  /usr/bin/thin:10

Rendering rescues/layout (not_found)
  [4;36;1mSQL (0.1ms)[0m   [0;1mSET NAMES 'utf8'[0m
  [4;35;1mSQL (0.1ms)[0m   [0mSET SQL_AUTO_IS_NULL=0[0m


Processing EquipmentController#index (for 127.0.0.1 at 2010-01-15 08:51:32) [GET]
Rendering template within layouts/application
Rendering equipment/index
Completed in 77ms (View: 73, DB: 0) | 200 OK [http://localhost/equipment]
  [4;36;1mSQL (0.1ms)[0m   [0;1mSET NAMES 'utf8'[0m
  [4;35;1mSQL (0.1ms)[0m   [0mSET SQL_AUTO_IS_NULL=0[0m


Processing ApplicationController#index (for 127.0.0.1 at 2010-01-15 08:51:36) [GET]

ActionController::RoutingError (No route matches "/images/slate/shared/glass-bg.gif" with {:method=>:get}):
  /usr/lib/ruby/1.8/rack/head.rb:9:in `call'
  /usr/lib/ruby/1.8/rack/methodoverride.rb:24:in `call'
  /usr/lib/ruby/1.8/rack/lock.rb:11:in `call'
  /usr/lib/ruby/1.8/rack/lock.rb:11:in `synchronize'
  /usr/lib/ruby/1.8/rack/lock.rb:11:in `call'
  /usr/lib/ruby/1.8/rack/adapter/rails.rb:81:in `call'
  /usr/lib/ruby/1.8/rack/adapter/rails.rb:69:in `call'
  /usr/lib/ruby/1.8/thin/connection.rb:76:in `pre_process'
  /usr/lib/ruby/1.8/thin/connection.rb:74:in `catch'
  /usr/lib/ruby/1.8/thin/connection.rb:74:in `pre_process'
  /usr/lib/ruby/1.8/thin/connection.rb:57:in `process'
  /usr/lib/ruby/1.8/thin/connection.rb:42:in `receive_data'
  /usr/lib/ruby/1.8/eventmachine.rb:240:in `run_machine'
  /usr/lib/ruby/1.8/eventmachine.rb:240:in `run'
  /usr/lib/ruby/1.8/thin/backends/base.rb:57:in `start'
  /usr/lib/ruby/1.8/thin/server.rb:156:in `start'
  /usr/lib/ruby/1.8/thin/controllers/controller.rb:80:in `start'
  /usr/lib/ruby/1.8/thin/runner.rb:174:in `send'
  /usr/lib/ruby/1.8/thin/runner.rb:174:in `run_command'
  /usr/lib/ruby/1.8/thin/runner.rb:140:in `run!'
  /usr/bin/thin:10

Rendering rescues/layout (not_found)
  [4;36;1mSQL (0.1ms)[0m   [0;1mSET NAMES 'utf8'[0m
  [4;35;1mSQL (0.1ms)[0m   [0mSET SQL_AUTO_IS_NULL=0[0m


Processing EquipmentController#index (for 127.0.0.1 at 2010-01-15 08:51:44) [GET]
Rendering template within layouts/application
Rendering equipment/index
Completed in 16ms (View: 11, DB: 0) | 200 OK [http://localhost/equipment]
  [4;36;1mSQL (0.1ms)[0m   [0;1mSET NAMES 'utf8'[0m
  [4;35;1mSQL (0.1ms)[0m   [0mSET SQL_AUTO_IS_NULL=0[0m


Processing ApplicationController#index (for 127.0.0.1 at 2010-01-15 08:51:45) [GET]

ActionController::RoutingError (No route matches "/images/slate/shared/glass-bg.gif" with {:method=>:get}):
  /usr/lib/ruby/1.8/rack/head.rb:9:in `call'
  /usr/lib/ruby/1.8/rack/methodoverride.rb:24:in `call'
  /usr/lib/ruby/1.8/rack/lock.rb:11:in `call'
  /usr/lib/ruby/1.8/rack/lock.rb:11:in `synchronize'
  /usr/lib/ruby/1.8/rack/lock.rb:11:in `call'
  /usr/lib/ruby/1.8/rack/adapter/rails.rb:81:in `call'
  /usr/lib/ruby/1.8/rack/adapter/rails.rb:69:in `call'
  /usr/lib/ruby/1.8/thin/connection.rb:76:in `pre_process'
  /usr/lib/ruby/1.8/thin/connection.rb:74:in `catch'
  /usr/lib/ruby/1.8/thin/connection.rb:74:in `pre_process'
  /usr/lib/ruby/1.8/thin/connection.rb:57:in `process'
  /usr/lib/ruby/1.8/thin/connection.rb:42:in `receive_data'
  /usr/lib/ruby/1.8/eventmachine.rb:240:in `run_machine'
  /usr/lib/ruby/1.8/eventmachine.rb:240:in `run'
  /usr/lib/ruby/1.8/thin/backends/base.rb:57:in `start'
  /usr/lib/ruby/1.8/thin/server.rb:156:in `start'
  /usr/lib/ruby/1.8/thin/controllers/controller.rb:80:in `start'
  /usr/lib/ruby/1.8/thin/runner.rb:174:in `send'
  /usr/lib/ruby/1.8/thin/runner.rb:174:in `run_command'
  /usr/lib/ruby/1.8/thin/runner.rb:140:in `run!'
  /usr/bin/thin:10

Rendering rescues/layout (not_found)
  [4;36;1mSQL (0.1ms)[0m   [0;1mSET NAMES 'utf8'[0m
  [4;35;1mSQL (0.1ms)[0m   [0mSET SQL_AUTO_IS_NULL=0[0m


Processing EquipmentController#index (for 127.0.0.1 at 2010-01-15 08:52:47) [GET]
Rendering template within layouts/application
Rendering equipment/index
Completed in 16ms (View: 11, DB: 0) | 200 OK [http://localhost/equipment]
  [4;36;1mSQL (0.1ms)[0m   [0;1mSET NAMES 'utf8'[0m
  [4;35;1mSQL (0.1ms)[0m   [0mSET SQL_AUTO_IS_NULL=0[0m


Processing ApplicationController#index (for 127.0.0.1 at 2010-01-15 08:52:47) [GET]

ActionController::RoutingError (No route matches "/images/slate/shared/glass-bg.gif" with {:method=>:get}):
  /usr/lib/ruby/1.8/rack/head.rb:9:in `call'
  /usr/lib/ruby/1.8/rack/methodoverride.rb:24:in `call'
  /usr/lib/ruby/1.8/rack/lock.rb:11:in `call'
  /usr/lib/ruby/1.8/rack/lock.rb:11:in `synchronize'
  /usr/lib/ruby/1.8/rack/lock.rb:11:in `call'
  /usr/lib/ruby/1.8/rack/adapter/rails.rb:81:in `call'
  /usr/lib/ruby/1.8/rack/adapter/rails.rb:69:in `call'
  /usr/lib/ruby/1.8/thin/connection.rb:76:in `pre_process'
  /usr/lib/ruby/1.8/thin/connection.rb:74:in `catch'
  /usr/lib/ruby/1.8/thin/connection.rb:74:in `pre_process'
  /usr/lib/ruby/1.8/thin/connection.rb:57:in `process'
  /usr/lib/ruby/1.8/thin/connection.rb:42:in `receive_data'
  /usr/lib/ruby/1.8/eventmachine.rb:240:in `run_machine'
  /usr/lib/ruby/1.8/eventmachine.rb:240:in `run'
  /usr/lib/ruby/1.8/thin/backends/base.rb:57:in `start'
  /usr/lib/ruby/1.8/thin/server.rb:156:in `start'
  /usr/lib/ruby/1.8/thin/controllers/controller.rb:80:in `start'
  /usr/lib/ruby/1.8/thin/runner.rb:174:in `send'
  /usr/lib/ruby/1.8/thin/runner.rb:174:in `run_command'
  /usr/lib/ruby/1.8/thin/runner.rb:140:in `run!'
  /usr/bin/thin:10

Rendering rescues/layout (not_found)
  [4;36;1mSQL (0.1ms)[0m   [0;1mSET NAMES 'utf8'[0m
  [4;35;1mSQL (0.1ms)[0m   [0mSET SQL_AUTO_IS_NULL=0[0m


Processing EquipmentController#index (for 127.0.0.1 at 2010-01-15 08:52:57) [GET]
Rendering template within layouts/application
Rendering equipment/index
Completed in 16ms (View: 12, DB: 0) | 200 OK [http://localhost/equipment]
  [4;36;1mSQL (0.4ms)[0m   [0;1mSET NAMES 'utf8'[0m
  [4;35;1mSQL (0.1ms)[0m   [0mSET SQL_AUTO_IS_NULL=0[0m


Processing ApplicationController#index (for 127.0.0.1 at 2010-01-15 08:52:58) [GET]

ActionController::RoutingError (No route matches "/images/slate/shared/glass-bg.gif" with {:method=>:get}):
  /usr/lib/ruby/1.8/rack/head.rb:9:in `call'
  /usr/lib/ruby/1.8/rack/methodoverride.rb:24:in `call'
  /usr/lib/ruby/1.8/rack/lock.rb:11:in `call'
  /usr/lib/ruby/1.8/rack/lock.rb:11:in `synchronize'
  /usr/lib/ruby/1.8/rack/lock.rb:11:in `call'
  /usr/lib/ruby/1.8/rack/adapter/rails.rb:81:in `call'
  /usr/lib/ruby/1.8/rack/adapter/rails.rb:69:in `call'
  /usr/lib/ruby/1.8/thin/connection.rb:76:in `pre_process'
  /usr/lib/ruby/1.8/thin/connection.rb:74:in `catch'
  /usr/lib/ruby/1.8/thin/connection.rb:74:in `pre_process'
  /usr/lib/ruby/1.8/thin/connection.rb:57:in `process'
  /usr/lib/ruby/1.8/thin/connection.rb:42:in `receive_data'
  /usr/lib/ruby/1.8/eventmachine.rb:240:in `run_machine'
  /usr/lib/ruby/1.8/eventmachine.rb:240:in `run'
  /usr/lib/ruby/1.8/thin/backends/base.rb:57:in `start'
  /usr/lib/ruby/1.8/thin/server.rb:156:in `start'
  /usr/lib/ruby/1.8/thin/controllers/controller.rb:80:in `start'
  /usr/lib/ruby/1.8/thin/runner.rb:174:in `send'
  /usr/lib/ruby/1.8/thin/runner.rb:174:in `run_command'
  /usr/lib/ruby/1.8/thin/runner.rb:140:in `run!'
  /usr/bin/thin:10

Rendering rescues/layout (not_found)
  [4;36;1mSQL (4.9ms)[0m   [0;1mSET NAMES 'utf8'[0m
  [4;35;1mSQL (14.5ms)[0m   [0mSET SQL_AUTO_IS_NULL=0[0m


Processing EquipmentController#index (for 127.0.0.1 at 2010-01-15 08:59:37) [GET]
  Parameters: {"APTANA_NOCACHE_1263520777736"=>"1263520777736"}
Rendering template within layouts/application
Rendering equipment/index
Completed in 12ms (View: 8, DB: 19) | 200 OK [http://0.0.0.0/equipment?APTANA_NOCACHE_1263520777736=1263520777736]
  [4;36;1mSQL (0.1ms)[0m   [0;1mSET NAMES 'utf8'[0m
  [4;35;1mSQL (0.1ms)[0m   [0mSET SQL_AUTO_IS_NULL=0[0m
  [4;36;1mSQL (34.9ms)[0m   [0;1mSHOW TABLES[0m
  [4;35;1mSQL (737.3ms)[0m   [0mCREATE TABLE `schema_migrations` (`version` varchar(255) NOT NULL) ENGINE=InnoDB[0m
  [4;36;1mSQL (486.1ms)[0m   [0;1mCREATE UNIQUE INDEX `unique_schema_migrations` ON `schema_migrations` (`version`)[0m
  [4;35;1mSQL (0.6ms)[0m   [0mSHOW TABLES[0m
  [4;36;1mSQL (3.6ms)[0m   [0;1mSELECT version FROM schema_migrations[0m
Migrating to CreatePositions (20100115020852)
  [4;35;1mSQL (179.5ms)[0m   [0mCREATE TABLE `positions` (`id` int(11) DEFAULT NULL auto_increment PRIMARY KEY, `title` varchar(255), `description` text, `icon` varchar(255), `type` varchar(255), `lat` decimal(15,10), `lng` decimal(15,10), `created_at` datetime, `updated_at` datetime) ENGINE=InnoDB[0m
  [4;36;1mSQL (140.5ms)[0m   [0;1mINSERT INTO schema_migrations (version) VALUES ('20100115020852')[0m
  [4;35;1mSQL (0.3ms)[0m   [0mSHOW TABLES[0m
  [4;36;1mSQL (0.2ms)[0m   [0;1mSELECT version FROM schema_migrations[0m
  [4;35;1mSQL (0.2ms)[0m   [0mSHOW TABLES[0m
  [4;36;1mSQL (40.3ms)[0m   [0;1mSHOW FIELDS FROM `positions`[0m
  [4;35;1mSQL (0.8ms)[0m   [0mdescribe `positions`[0m
  [4;36;1mSQL (25.3ms)[0m   [0;1mSHOW KEYS FROM `positions`[0m
